============================= test session starts ==============================
platform linux -- Python 3.11.13, pytest-8.4.2, pluggy-1.6.0 -- /usr/local/bin/python
cachedir: .pytest_cache
rootdir: /code
configfile: pytest.ini
plugins: asyncio-1.1.0, anyio-4.10.0
asyncio: mode=Mode.AUTO, asyncio_default_fixture_loop_scope=None, asyncio_default_test_loop_scope=function
collecting ... collected 4 items

tests/plugins/full_plugins_test.py::test_plugins_loaded 
-------------------------------- live log setup --------------------------------
2025-09-05 14:58:01 [    INFO] select pg_catalog.version() (base.py:1840)
2025-09-05 14:58:01 [    INFO] [raw sql] () (base.py:1840)
2025-09-05 14:58:01 [    INFO] select current_schema() (base.py:1840)
2025-09-05 14:58:01 [    INFO] [raw sql] () (base.py:1840)
2025-09-05 14:58:01 [    INFO] show standard_conforming_strings (base.py:1840)
2025-09-05 14:58:01 [    INFO] [raw sql] () (base.py:1840)
2025-09-05 14:58:01 [    INFO] BEGIN (implicit) (base.py:2696)
2025-09-05 14:58:01 [    INFO] SELECT pg_catalog.pg_class.relname 
FROM pg_catalog.pg_class JOIN pg_catalog.pg_namespace ON pg_catalog.pg_namespace.oid = pg_catalog.pg_class.relnamespace 
WHERE pg_catalog.pg_class.relname = $1::VARCHAR AND pg_catalog.pg_class.relkind = ANY (ARRAY[$2::VARCHAR, $3::VARCHAR, $4::VARCHAR, $5::VARCHAR, $6::VARCHAR]) AND pg_catalog.pg_table_is_visible(pg_catalog.pg_class.oid) AND pg_catalog.pg_namespace.nspname != $7::VARCHAR (base.py:1840)
2025-09-05 14:58:01 [    INFO] [generated in 0.00074s] ('users', 'r', 'p', 'f', 'v', 'm', 'pg_catalog') (base.py:1840)
2025-09-05 14:58:01 [    INFO] SELECT pg_catalog.pg_class.relname 
FROM pg_catalog.pg_class JOIN pg_catalog.pg_namespace ON pg_catalog.pg_namespace.oid = pg_catalog.pg_class.relnamespace 
WHERE pg_catalog.pg_class.relname = $1::VARCHAR AND pg_catalog.pg_class.relkind = ANY (ARRAY[$2::VARCHAR, $3::VARCHAR, $4::VARCHAR, $5::VARCHAR, $6::VARCHAR]) AND pg_catalog.pg_table_is_visible(pg_catalog.pg_class.oid) AND pg_catalog.pg_namespace.nspname != $7::VARCHAR (base.py:1840)
2025-09-05 14:58:01 [    INFO] [cached since 0.005261s ago] ('auth_tokens', 'r', 'p', 'f', 'v', 'm', 'pg_catalog') (base.py:1840)
2025-09-05 14:58:01 [    INFO] SELECT pg_catalog.pg_class.relname 
FROM pg_catalog.pg_class JOIN pg_catalog.pg_namespace ON pg_catalog.pg_namespace.oid = pg_catalog.pg_class.relnamespace 
WHERE pg_catalog.pg_class.relname = $1::VARCHAR AND pg_catalog.pg_class.relkind = ANY (ARRAY[$2::VARCHAR, $3::VARCHAR, $4::VARCHAR, $5::VARCHAR, $6::VARCHAR]) AND pg_catalog.pg_table_is_visible(pg_catalog.pg_class.oid) AND pg_catalog.pg_namespace.nspname != $7::VARCHAR (base.py:1840)
2025-09-05 14:58:01 [    INFO] [cached since 0.007107s ago] ('user_sessions', 'r', 'p', 'f', 'v', 'm', 'pg_catalog') (base.py:1840)
2025-09-05 14:58:01 [    INFO] SELECT pg_catalog.pg_class.relname 
FROM pg_catalog.pg_class JOIN pg_catalog.pg_namespace ON pg_catalog.pg_namespace.oid = pg_catalog.pg_class.relnamespace 
WHERE pg_catalog.pg_class.relname = $1::VARCHAR AND pg_catalog.pg_class.relkind = ANY (ARRAY[$2::VARCHAR, $3::VARCHAR, $4::VARCHAR, $5::VARCHAR, $6::VARCHAR]) AND pg_catalog.pg_table_is_visible(pg_catalog.pg_class.oid) AND pg_catalog.pg_namespace.nspname != $7::VARCHAR (base.py:1840)
2025-09-05 14:58:01 [    INFO] [cached since 0.009166s ago] ('user_profile_changes', 'r', 'p', 'f', 'v', 'm', 'pg_catalog') (base.py:1840)
2025-09-05 14:58:01 [    INFO] SELECT pg_catalog.pg_class.relname 
FROM pg_catalog.pg_class JOIN pg_catalog.pg_namespace ON pg_catalog.pg_namespace.oid = pg_catalog.pg_class.relnamespace 
WHERE pg_catalog.pg_class.relname = $1::VARCHAR AND pg_catalog.pg_class.relkind = ANY (ARRAY[$2::VARCHAR, $3::VARCHAR, $4::VARCHAR, $5::VARCHAR, $6::VARCHAR]) AND pg_catalog.pg_table_is_visible(pg_catalog.pg_class.oid) AND pg_catalog.pg_namespace.nspname != $7::VARCHAR (base.py:1840)
2025-09-05 14:58:01 [    INFO] [cached since 0.01121s ago] ('admin_users', 'r', 'p', 'f', 'v', 'm', 'pg_catalog') (base.py:1840)
2025-09-05 14:58:01 [    INFO] SELECT pg_catalog.pg_class.relname 
FROM pg_catalog.pg_class JOIN pg_catalog.pg_namespace ON pg_catalog.pg_namespace.oid = pg_catalog.pg_class.relnamespace 
WHERE pg_catalog.pg_class.relname = $1::VARCHAR AND pg_catalog.pg_class.relkind = ANY (ARRAY[$2::VARCHAR, $3::VARCHAR, $4::VARCHAR, $5::VARCHAR, $6::VARCHAR]) AND pg_catalog.pg_table_is_visible(pg_catalog.pg_class.oid) AND pg_catalog.pg_namespace.nspname != $7::VARCHAR (base.py:1840)
2025-09-05 14:58:01 [    INFO] [cached since 0.01321s ago] ('admin_actions', 'r', 'p', 'f', 'v', 'm', 'pg_catalog') (base.py:1840)
2025-09-05 14:58:01 [    INFO] SELECT pg_catalog.pg_class.relname 
FROM pg_catalog.pg_class JOIN pg_catalog.pg_namespace ON pg_catalog.pg_namespace.oid = pg_catalog.pg_class.relnamespace 
WHERE pg_catalog.pg_class.relname = $1::VARCHAR AND pg_catalog.pg_class.relkind = ANY (ARRAY[$2::VARCHAR, $3::VARCHAR, $4::VARCHAR, $5::VARCHAR, $6::VARCHAR]) AND pg_catalog.pg_table_is_visible(pg_catalog.pg_class.oid) AND pg_catalog.pg_namespace.nspname != $7::VARCHAR (base.py:1840)
2025-09-05 14:58:01 [    INFO] [cached since 0.0153s ago] ('system_configs', 'r', 'p', 'f', 'v', 'm', 'pg_catalog') (base.py:1840)
2025-09-05 14:58:01 [    INFO] SELECT pg_catalog.pg_class.relname 
FROM pg_catalog.pg_class JOIN pg_catalog.pg_namespace ON pg_catalog.pg_namespace.oid = pg_catalog.pg_class.relnamespace 
WHERE pg_catalog.pg_class.relname = $1::VARCHAR AND pg_catalog.pg_class.relkind = ANY (ARRAY[$2::VARCHAR, $3::VARCHAR, $4::VARCHAR, $5::VARCHAR, $6::VARCHAR]) AND pg_catalog.pg_table_is_visible(pg_catalog.pg_class.oid) AND pg_catalog.pg_namespace.nspname != $7::VARCHAR (base.py:1840)
2025-09-05 14:58:01 [    INFO] [cached since 0.01743s ago] ('audit_logs', 'r', 'p', 'f', 'v', 'm', 'pg_catalog') (base.py:1840)
2025-09-05 14:58:01 [    INFO] SELECT pg_catalog.pg_class.relname 
FROM pg_catalog.pg_class JOIN pg_catalog.pg_namespace ON pg_catalog.pg_namespace.oid = pg_catalog.pg_class.relnamespace 
WHERE pg_catalog.pg_class.relname = $1::VARCHAR AND pg_catalog.pg_class.relkind = ANY (ARRAY[$2::VARCHAR, $3::VARCHAR, $4::VARCHAR, $5::VARCHAR, $6::VARCHAR]) AND pg_catalog.pg_table_is_visible(pg_catalog.pg_class.oid) AND pg_catalog.pg_namespace.nspname != $7::VARCHAR (base.py:1840)
2025-09-05 14:58:01 [    INFO] [cached since 0.01924s ago] ('support_tickets', 'r', 'p', 'f', 'v', 'm', 'pg_catalog') (base.py:1840)
2025-09-05 14:58:01 [    INFO] SELECT pg_catalog.pg_class.relname 
FROM pg_catalog.pg_class JOIN pg_catalog.pg_namespace ON pg_catalog.pg_namespace.oid = pg_catalog.pg_class.relnamespace 
WHERE pg_catalog.pg_class.relname = $1::VARCHAR AND pg_catalog.pg_class.relkind = ANY (ARRAY[$2::VARCHAR, $3::VARCHAR, $4::VARCHAR, $5::VARCHAR, $6::VARCHAR]) AND pg_catalog.pg_table_is_visible(pg_catalog.pg_class.oid) AND pg_catalog.pg_namespace.nspname != $7::VARCHAR (base.py:1840)
2025-09-05 14:58:01 [    INFO] [cached since 0.02092s ago] ('support_messages', 'r', 'p', 'f', 'v', 'm', 'pg_catalog') (base.py:1840)
2025-09-05 14:58:01 [    INFO] SELECT pg_catalog.pg_class.relname 
FROM pg_catalog.pg_class JOIN pg_catalog.pg_namespace ON pg_catalog.pg_namespace.oid = pg_catalog.pg_class.relnamespace 
WHERE pg_catalog.pg_class.relname = $1::VARCHAR AND pg_catalog.pg_class.relkind = ANY (ARRAY[$2::VARCHAR, $3::VARCHAR, $4::VARCHAR, $5::VARCHAR, $6::VARCHAR]) AND pg_catalog.pg_table_is_visible(pg_catalog.pg_class.oid) AND pg_catalog.pg_namespace.nspname != $7::VARCHAR (base.py:1840)
2025-09-05 14:58:01 [    INFO] [cached since 0.02233s ago] ('content_moderation', 'r', 'p', 'f', 'v', 'm', 'pg_catalog') (base.py:1840)
2025-09-05 14:58:01 [    INFO] SELECT pg_catalog.pg_class.relname 
FROM pg_catalog.pg_class JOIN pg_catalog.pg_namespace ON pg_catalog.pg_namespace.oid = pg_catalog.pg_class.relnamespace 
WHERE pg_catalog.pg_class.relname = $1::VARCHAR AND pg_catalog.pg_class.relkind = ANY (ARRAY[$2::VARCHAR, $3::VARCHAR, $4::VARCHAR, $5::VARCHAR, $6::VARCHAR]) AND pg_catalog.pg_table_is_visible(pg_catalog.pg_class.oid) AND pg_catalog.pg_namespace.nspname != $7::VARCHAR (base.py:1840)
2025-09-05 14:58:01 [    INFO] [cached since 0.02374s ago] ('system_metrics', 'r', 'p', 'f', 'v', 'm', 'pg_catalog') (base.py:1840)
2025-09-05 14:58:01 [    INFO] SELECT pg_catalog.pg_class.relname 
FROM pg_catalog.pg_class JOIN pg_catalog.pg_namespace ON pg_catalog.pg_namespace.oid = pg_catalog.pg_class.relnamespace 
WHERE pg_catalog.pg_class.relname = $1::VARCHAR AND pg_catalog.pg_class.relkind = ANY (ARRAY[$2::VARCHAR, $3::VARCHAR, $4::VARCHAR, $5::VARCHAR, $6::VARCHAR]) AND pg_catalog.pg_table_is_visible(pg_catalog.pg_class.oid) AND pg_catalog.pg_namespace.nspname != $7::VARCHAR (base.py:1840)
2025-09-05 14:58:01 [    INFO] [cached since 0.02529s ago] ('admin_dashboards', 'r', 'p', 'f', 'v', 'm', 'pg_catalog') (base.py:1840)
2025-09-05 14:58:01 [    INFO] SELECT pg_catalog.pg_class.relname 
FROM pg_catalog.pg_class JOIN pg_catalog.pg_namespace ON pg_catalog.pg_namespace.oid = pg_catalog.pg_class.relnamespace 
WHERE pg_catalog.pg_class.relname = $1::VARCHAR AND pg_catalog.pg_class.relkind = ANY (ARRAY[$2::VARCHAR, $3::VARCHAR, $4::VARCHAR, $5::VARCHAR, $6::VARCHAR]) AND pg_catalog.pg_table_is_visible(pg_catalog.pg_class.oid) AND pg_catalog.pg_namespace.nspname != $7::VARCHAR (base.py:1840)
2025-09-05 14:58:01 [    INFO] [cached since 0.02725s ago] ('admin_notifications', 'r', 'p', 'f', 'v', 'm', 'pg_catalog') (base.py:1840)
2025-09-05 14:58:01 [    INFO] SELECT pg_catalog.pg_class.relname 
FROM pg_catalog.pg_class JOIN pg_catalog.pg_namespace ON pg_catalog.pg_namespace.oid = pg_catalog.pg_class.relnamespace 
WHERE pg_catalog.pg_class.relname = $1::VARCHAR AND pg_catalog.pg_class.relkind = ANY (ARRAY[$2::VARCHAR, $3::VARCHAR, $4::VARCHAR, $5::VARCHAR, $6::VARCHAR]) AND pg_catalog.pg_table_is_visible(pg_catalog.pg_class.oid) AND pg_catalog.pg_namespace.nspname != $7::VARCHAR (base.py:1840)
2025-09-05 14:58:01 [    INFO] [cached since 0.02891s ago] ('ip_blocklist', 'r', 'p', 'f', 'v', 'm', 'pg_catalog') (base.py:1840)
2025-09-05 14:58:01 [    INFO] SELECT pg_catalog.pg_class.relname 
FROM pg_catalog.pg_class JOIN pg_catalog.pg_namespace ON pg_catalog.pg_namespace.oid = pg_catalog.pg_class.relnamespace 
WHERE pg_catalog.pg_class.relname = $1::VARCHAR AND pg_catalog.pg_class.relkind = ANY (ARRAY[$2::VARCHAR, $3::VARCHAR, $4::VARCHAR, $5::VARCHAR, $6::VARCHAR]) AND pg_catalog.pg_table_is_visible(pg_catalog.pg_class.oid) AND pg_catalog.pg_namespace.nspname != $7::VARCHAR (base.py:1840)
2025-09-05 14:58:01 [    INFO] [cached since 0.03047s ago] ('admin_reports', 'r', 'p', 'f', 'v', 'm', 'pg_catalog') (base.py:1840)
2025-09-05 14:58:01 [    INFO] SELECT pg_catalog.pg_class.relname 
FROM pg_catalog.pg_class JOIN pg_catalog.pg_namespace ON pg_catalog.pg_namespace.oid = pg_catalog.pg_class.relnamespace 
WHERE pg_catalog.pg_class.relname = $1::VARCHAR AND pg_catalog.pg_class.relkind = ANY (ARRAY[$2::VARCHAR, $3::VARCHAR, $4::VARCHAR, $5::VARCHAR, $6::VARCHAR]) AND pg_catalog.pg_table_is_visible(pg_catalog.pg_class.oid) AND pg_catalog.pg_namespace.nspname != $7::VARCHAR (base.py:1840)
2025-09-05 14:58:01 [    INFO] [cached since 0.03232s ago] ('payments', 'r', 'p', 'f', 'v', 'm', 'pg_catalog') (base.py:1840)
2025-09-05 14:58:01 [    INFO] SELECT pg_catalog.pg_class.relname 
FROM pg_catalog.pg_class JOIN pg_catalog.pg_namespace ON pg_catalog.pg_namespace.oid = pg_catalog.pg_class.relnamespace 
WHERE pg_catalog.pg_class.relname = $1::VARCHAR AND pg_catalog.pg_class.relkind = ANY (ARRAY[$2::VARCHAR, $3::VARCHAR, $4::VARCHAR, $5::VARCHAR, $6::VARCHAR]) AND pg_catalog.pg_table_is_visible(pg_catalog.pg_class.oid) AND pg_catalog.pg_namespace.nspname != $7::VARCHAR (base.py:1840)
2025-09-05 14:58:01 [    INFO] [cached since 0.03403s ago] ('payment_refunds', 'r', 'p', 'f', 'v', 'm', 'pg_catalog') (base.py:1840)
2025-09-05 14:58:01 [    INFO] SELECT pg_catalog.pg_class.relname 
FROM pg_catalog.pg_class JOIN pg_catalog.pg_namespace ON pg_catalog.pg_namespace.oid = pg_catalog.pg_class.relnamespace 
WHERE pg_catalog.pg_class.relname = $1::VARCHAR AND pg_catalog.pg_class.relkind = ANY (ARRAY[$2::VARCHAR, $3::VARCHAR, $4::VARCHAR, $5::VARCHAR, $6::VARCHAR]) AND pg_catalog.pg_table_is_visible(pg_catalog.pg_class.oid) AND pg_catalog.pg_namespace.nspname != $7::VARCHAR (base.py:1840)
2025-09-05 14:58:01 [    INFO] [cached since 0.03584s ago] ('payment_webhooks', 'r', 'p', 'f', 'v', 'm', 'pg_catalog') (base.py:1840)
2025-09-05 14:58:01 [    INFO] SELECT pg_catalog.pg_class.relname 
FROM pg_catalog.pg_class JOIN pg_catalog.pg_namespace ON pg_catalog.pg_namespace.oid = pg_catalog.pg_class.relnamespace 
WHERE pg_catalog.pg_class.relname = $1::VARCHAR AND pg_catalog.pg_class.relkind = ANY (ARRAY[$2::VARCHAR, $3::VARCHAR, $4::VARCHAR, $5::VARCHAR, $6::VARCHAR]) AND pg_catalog.pg_table_is_visible(pg_catalog.pg_class.oid) AND pg_catalog.pg_namespace.nspname != $7::VARCHAR (base.py:1840)
2025-09-05 14:58:01 [    INFO] [cached since 0.03747s ago] ('withdrawal_requests', 'r', 'p', 'f', 'v', 'm', 'pg_catalog') (base.py:1840)
2025-09-05 14:58:01 [    INFO] SELECT pg_catalog.pg_class.relname 
FROM pg_catalog.pg_class JOIN pg_catalog.pg_namespace ON pg_catalog.pg_namespace.oid = pg_catalog.pg_class.relnamespace 
WHERE pg_catalog.pg_class.relname = $1::VARCHAR AND pg_catalog.pg_class.relkind = ANY (ARRAY[$2::VARCHAR, $3::VARCHAR, $4::VARCHAR, $5::VARCHAR, $6::VARCHAR]) AND pg_catalog.pg_table_is_visible(pg_catalog.pg_class.oid) AND pg_catalog.pg_namespace.nspname != $7::VARCHAR (base.py:1840)
2025-09-05 14:58:01 [    INFO] [cached since 0.03895s ago] ('sellers', 'r', 'p', 'f', 'v', 'm', 'pg_catalog') (base.py:1840)
2025-09-05 14:58:01 [    INFO] SELECT pg_catalog.pg_class.relname 
FROM pg_catalog.pg_class JOIN pg_catalog.pg_namespace ON pg_catalog.pg_namespace.oid = pg_catalog.pg_class.relnamespace 
WHERE pg_catalog.pg_class.relname = $1::VARCHAR AND pg_catalog.pg_class.relkind = ANY (ARRAY[$2::VARCHAR, $3::VARCHAR, $4::VARCHAR, $5::VARCHAR, $6::VARCHAR]) AND pg_catalog.pg_table_is_visible(pg_catalog.pg_class.oid) AND pg_catalog.pg_namespace.nspname != $7::VARCHAR (base.py:1840)
2025-09-05 14:58:01 [    INFO] [cached since 0.04062s ago] ('orders', 'r', 'p', 'f', 'v', 'm', 'pg_catalog') (base.py:1840)
2025-09-05 14:58:01 [    INFO] SELECT pg_catalog.pg_class.relname 
FROM pg_catalog.pg_class JOIN pg_catalog.pg_namespace ON pg_catalog.pg_namespace.oid = pg_catalog.pg_class.relnamespace 
WHERE pg_catalog.pg_class.relname = $1::VARCHAR AND pg_catalog.pg_class.relkind = ANY (ARRAY[$2::VARCHAR, $3::VARCHAR, $4::VARCHAR, $5::VARCHAR, $6::VARCHAR]) AND pg_catalog.pg_table_is_visible(pg_catalog.pg_class.oid) AND pg_catalog.pg_namespace.nspname != $7::VARCHAR (base.py:1840)
2025-09-05 14:58:01 [    INFO] [cached since 0.04213s ago] ('ads', 'r', 'p', 'f', 'v', 'm', 'pg_catalog') (base.py:1840)
2025-09-05 14:58:01 [    INFO] SELECT pg_catalog.pg_class.relname 
FROM pg_catalog.pg_class JOIN pg_catalog.pg_namespace ON pg_catalog.pg_namespace.oid = pg_catalog.pg_class.relnamespace 
WHERE pg_catalog.pg_class.relname = $1::VARCHAR AND pg_catalog.pg_class.relkind = ANY (ARRAY[$2::VARCHAR, $3::VARCHAR, $4::VARCHAR, $5::VARCHAR, $6::VARCHAR]) AND pg_catalog.pg_table_is_visible(pg_catalog.pg_class.oid) AND pg_catalog.pg_namespace.nspname != $7::VARCHAR (base.py:1840)
2025-09-05 14:58:01 [    INFO] [cached since 0.04392s ago] ('ad_campaigns', 'r', 'p', 'f', 'v', 'm', 'pg_catalog') (base.py:1840)
2025-09-05 14:58:01 [    INFO] SELECT pg_catalog.pg_class.relname 
FROM pg_catalog.pg_class JOIN pg_catalog.pg_namespace ON pg_catalog.pg_namespace.oid = pg_catalog.pg_class.relnamespace 
WHERE pg_catalog.pg_class.relname = $1::VARCHAR AND pg_catalog.pg_class.relkind = ANY (ARRAY[$2::VARCHAR, $3::VARCHAR, $4::VARCHAR, $5::VARCHAR, $6::VARCHAR]) AND pg_catalog.pg_table_is_visible(pg_catalog.pg_class.oid) AND pg_catalog.pg_namespace.nspname != $7::VARCHAR (base.py:1840)
2025-09-05 14:58:01 [    INFO] [cached since 0.04529s ago] ('ad_impressions', 'r', 'p', 'f', 'v', 'm', 'pg_catalog') (base.py:1840)
2025-09-05 14:58:01 [    INFO] SELECT pg_catalog.pg_class.relname 
FROM pg_catalog.pg_class JOIN pg_catalog.pg_namespace ON pg_catalog.pg_namespace.oid = pg_catalog.pg_class.relnamespace 
WHERE pg_catalog.pg_class.relname = $1::VARCHAR AND pg_catalog.pg_class.relkind = ANY (ARRAY[$2::VARCHAR, $3::VARCHAR, $4::VARCHAR, $5::VARCHAR, $6::VARCHAR]) AND pg_catalog.pg_table_is_visible(pg_catalog.pg_class.oid) AND pg_catalog.pg_namespace.nspname != $7::VARCHAR (base.py:1840)
2025-09-05 14:58:01 [    INFO] [cached since 0.047s ago] ('ad_clicks', 'r', 'p', 'f', 'v', 'm', 'pg_catalog') (base.py:1840)
2025-09-05 14:58:01 [    INFO] SELECT pg_catalog.pg_class.relname 
FROM pg_catalog.pg_class JOIN pg_catalog.pg_namespace ON pg_catalog.pg_namespace.oid = pg_catalog.pg_class.relnamespace 
WHERE pg_catalog.pg_class.relname = $1::VARCHAR AND pg_catalog.pg_class.relkind = ANY (ARRAY[$2::VARCHAR, $3::VARCHAR, $4::VARCHAR, $5::VARCHAR, $6::VARCHAR]) AND pg_catalog.pg_table_is_visible(pg_catalog.pg_class.oid) AND pg_catalog.pg_namespace.nspname != $7::VARCHAR (base.py:1840)
2025-09-05 14:58:01 [    INFO] [cached since 0.04946s ago] ('ad_conversions', 'r', 'p', 'f', 'v', 'm', 'pg_catalog') (base.py:1840)
2025-09-05 14:58:01 [    INFO] SELECT pg_catalog.pg_class.relname 
FROM pg_catalog.pg_class JOIN pg_catalog.pg_namespace ON pg_catalog.pg_namespace.oid = pg_catalog.pg_class.relnamespace 
WHERE pg_catalog.pg_class.relname = $1::VARCHAR AND pg_catalog.pg_class.relkind = ANY (ARRAY[$2::VARCHAR, $3::VARCHAR, $4::VARCHAR, $5::VARCHAR, $6::VARCHAR]) AND pg_catalog.pg_table_is_visible(pg_catalog.pg_class.oid) AND pg_catalog.pg_namespace.nspname != $7::VARCHAR (base.py:1840)
2025-09-05 14:58:01 [    INFO] [cached since 0.05133s ago] ('ad_bids', 'r', 'p', 'f', 'v', 'm', 'pg_catalog') (base.py:1840)
2025-09-05 14:58:01 [    INFO] SELECT pg_catalog.pg_class.relname 
FROM pg_catalog.pg_class JOIN pg_catalog.pg_namespace ON pg_catalog.pg_namespace.oid = pg_catalog.pg_class.relnamespace 
WHERE pg_catalog.pg_class.relname = $1::VARCHAR AND pg_catalog.pg_class.relkind = ANY (ARRAY[$2::VARCHAR, $3::VARCHAR, $4::VARCHAR, $5::VARCHAR, $6::VARCHAR]) AND pg_catalog.pg_table_is_visible(pg_catalog.pg_class.oid) AND pg_catalog.pg_namespace.nspname != $7::VARCHAR (base.py:1840)
2025-09-05 14:58:01 [    INFO] [cached since 0.05289s ago] ('ad_spaces', 'r', 'p', 'f', 'v', 'm', 'pg_catalog') (base.py:1840)
2025-09-05 14:58:01 [    INFO] SELECT pg_catalog.pg_class.relname 
FROM pg_catalog.pg_class JOIN pg_catalog.pg_namespace ON pg_catalog.pg_namespace.oid = pg_catalog.pg_class.relnamespace 
WHERE pg_catalog.pg_class.relname = $1::VARCHAR AND pg_catalog.pg_class.relkind = ANY (ARRAY[$2::VARCHAR, $3::VARCHAR, $4::VARCHAR, $5::VARCHAR, $6::VARCHAR]) AND pg_catalog.pg_table_is_visible(pg_catalog.pg_class.oid) AND pg_catalog.pg_namespace.nspname != $7::VARCHAR (base.py:1840)
2025-09-05 14:58:01 [    INFO] [cached since 0.05427s ago] ('ad_blocklist', 'r', 'p', 'f', 'v', 'm', 'pg_catalog') (base.py:1840)
2025-09-05 14:58:01 [    INFO] SELECT pg_catalog.pg_class.relname 
FROM pg_catalog.pg_class JOIN pg_catalog.pg_namespace ON pg_catalog.pg_namespace.oid = pg_catalog.pg_class.relnamespace 
WHERE pg_catalog.pg_class.relname = $1::VARCHAR AND pg_catalog.pg_class.relkind = ANY (ARRAY[$2::VARCHAR, $3::VARCHAR, $4::VARCHAR, $5::VARCHAR, $6::VARCHAR]) AND pg_catalog.pg_table_is_visible(pg_catalog.pg_class.oid) AND pg_catalog.pg_namespace.nspname != $7::VARCHAR (base.py:1840)
2025-09-05 14:58:01 [    INFO] [cached since 0.05569s ago] ('ad_analytics', 'r', 'p', 'f', 'v', 'm', 'pg_catalog') (base.py:1840)
2025-09-05 14:58:01 [    INFO] SELECT pg_catalog.pg_class.relname 
FROM pg_catalog.pg_class JOIN pg_catalog.pg_namespace ON pg_catalog.pg_namespace.oid = pg_catalog.pg_class.relnamespace 
WHERE pg_catalog.pg_class.relname = $1::VARCHAR AND pg_catalog.pg_class.relkind = ANY (ARRAY[$2::VARCHAR, $3::VARCHAR, $4::VARCHAR, $5::VARCHAR, $6::VARCHAR]) AND pg_catalog.pg_table_is_visible(pg_catalog.pg_class.oid) AND pg_catalog.pg_namespace.nspname != $7::VARCHAR (base.py:1840)
2025-09-05 14:58:01 [    INFO] [cached since 0.05731s ago] ('ai_tasks', 'r', 'p', 'f', 'v', 'm', 'pg_catalog') (base.py:1840)
2025-09-05 14:58:01 [    INFO] SELECT pg_catalog.pg_type.typname 
FROM pg_catalog.pg_type JOIN pg_catalog.pg_namespace ON pg_catalog.pg_namespace.oid = pg_catalog.pg_type.typnamespace 
WHERE pg_catalog.pg_type.typname = $1::VARCHAR AND pg_catalog.pg_type_is_visible(pg_catalog.pg_type.oid) AND pg_catalog.pg_namespace.nspname != $2::VARCHAR (base.py:1840)
2025-09-05 14:58:01 [    INFO] [generated in 0.00067s] ('adminrole', 'pg_catalog') (base.py:1840)
2025-09-05 14:58:01 [    INFO] SELECT pg_catalog.pg_type.typname 
FROM pg_catalog.pg_type JOIN pg_catalog.pg_namespace ON pg_catalog.pg_namespace.oid = pg_catalog.pg_type.typnamespace 
WHERE pg_catalog.pg_type.typname = $1::VARCHAR AND pg_catalog.pg_type_is_visible(pg_catalog.pg_type.oid) AND pg_catalog.pg_namespace.nspname != $2::VARCHAR (base.py:1840)
2025-09-05 14:58:01 [    INFO] [cached since 0.003889s ago] ('adminactiontype', 'pg_catalog') (base.py:1840)
2025-09-05 14:58:01 [    INFO] SELECT pg_catalog.pg_type.typname 
FROM pg_catalog.pg_type JOIN pg_catalog.pg_namespace ON pg_catalog.pg_namespace.oid = pg_catalog.pg_type.typnamespace 
WHERE pg_catalog.pg_type.typname = $1::VARCHAR AND pg_catalog.pg_type_is_visible(pg_catalog.pg_type.oid) AND pg_catalog.pg_namespace.nspname != $2::VARCHAR (base.py:1840)
2025-09-05 14:58:01 [    INFO] [cached since 0.006348s ago] ('adminactionstatus', 'pg_catalog') (base.py:1840)
2025-09-05 14:58:01 [    INFO] SELECT pg_catalog.pg_type.typname 
FROM pg_catalog.pg_type JOIN pg_catalog.pg_namespace ON pg_catalog.pg_namespace.oid = pg_catalog.pg_type.typnamespace 
WHERE pg_catalog.pg_type.typname = $1::VARCHAR AND pg_catalog.pg_type_is_visible(pg_catalog.pg_type.oid) AND pg_catalog.pg_namespace.nspname != $2::VARCHAR (base.py:1840)
2025-09-05 14:58:01 [    INFO] [cached since 0.008749s ago] ('paymentstatus', 'pg_catalog') (base.py:1840)
2025-09-05 14:58:01 [    INFO] SELECT pg_catalog.pg_type.typname 
FROM pg_catalog.pg_type JOIN pg_catalog.pg_namespace ON pg_catalog.pg_namespace.oid = pg_catalog.pg_type.typnamespace 
WHERE pg_catalog.pg_type.typname = $1::VARCHAR AND pg_catalog.pg_type_is_visible(pg_catalog.pg_type.oid) AND pg_catalog.pg_namespace.nspname != $2::VARCHAR (base.py:1840)
2025-09-05 14:58:01 [    INFO] [cached since 0.01094s ago] ('paymentmethod', 'pg_catalog') (base.py:1840)
2025-09-05 14:58:01 [    INFO] SELECT pg_catalog.pg_type.typname 
FROM pg_catalog.pg_type JOIN pg_catalog.pg_namespace ON pg_catalog.pg_namespace.oid = pg_catalog.pg_type.typnamespace 
WHERE pg_catalog.pg_type.typname = $1::VARCHAR AND pg_catalog.pg_type_is_visible(pg_catalog.pg_type.oid) AND pg_catalog.pg_namespace.nspname != $2::VARCHAR (base.py:1840)
2025-09-05 14:58:01 [    INFO] [cached since 0.01303s ago] ('paymenttype', 'pg_catalog') (base.py:1840)
2025-09-05 14:58:01 [    INFO] SELECT pg_catalog.pg_type.typname 
FROM pg_catalog.pg_type JOIN pg_catalog.pg_namespace ON pg_catalog.pg_namespace.oid = pg_catalog.pg_type.typnamespace 
WHERE pg_catalog.pg_type.typname = $1::VARCHAR AND pg_catalog.pg_type_is_visible(pg_catalog.pg_type.oid) AND pg_catalog.pg_namespace.nspname != $2::VARCHAR (base.py:1840)
2025-09-05 14:58:01 [    INFO] [cached since 0.01528s ago] ('orderstatus', 'pg_catalog') (base.py:1840)
2025-09-05 14:58:01 [    INFO] SELECT pg_catalog.pg_type.typname 
FROM pg_catalog.pg_type JOIN pg_catalog.pg_namespace ON pg_catalog.pg_namespace.oid = pg_catalog.pg_type.typnamespace 
WHERE pg_catalog.pg_type.typname = $1::VARCHAR AND pg_catalog.pg_type_is_visible(pg_catalog.pg_type.oid) AND pg_catalog.pg_namespace.nspname != $2::VARCHAR (base.py:1840)
2025-09-05 14:58:01 [    INFO] [cached since 0.01753s ago] ('adtype', 'pg_catalog') (base.py:1840)
2025-09-05 14:58:01 [    INFO] SELECT pg_catalog.pg_type.typname 
FROM pg_catalog.pg_type JOIN pg_catalog.pg_namespace ON pg_catalog.pg_namespace.oid = pg_catalog.pg_type.typnamespace 
WHERE pg_catalog.pg_type.typname = $1::VARCHAR AND pg_catalog.pg_type_is_visible(pg_catalog.pg_type.oid) AND pg_catalog.pg_namespace.nspname != $2::VARCHAR (base.py:1840)
2025-09-05 14:58:01 [    INFO] [cached since 0.01991s ago] ('adstatus', 'pg_catalog') (base.py:1840)
2025-09-05 14:58:01 [    INFO] SELECT pg_catalog.pg_type.typname 
FROM pg_catalog.pg_type JOIN pg_catalog.pg_namespace ON pg_catalog.pg_namespace.oid = pg_catalog.pg_type.typnamespace 
WHERE pg_catalog.pg_type.typname = $1::VARCHAR AND pg_catalog.pg_type_is_visible(pg_catalog.pg_type.oid) AND pg_catalog.pg_namespace.nspname != $2::VARCHAR (base.py:1840)
2025-09-05 14:58:01 [    INFO] [cached since 0.02197s ago] ('biddingtype', 'pg_catalog') (base.py:1840)
2025-09-05 14:58:01 [    INFO] COMMIT (base.py:2702)
2025-09-05 14:58:01 [    INFO] BEGIN (implicit) (base.py:2696)
2025-09-05 14:58:01 [    INFO] SELECT pg_catalog.pg_class.relname 
FROM pg_catalog.pg_class JOIN pg_catalog.pg_namespace ON pg_catalog.pg_namespace.oid = pg_catalog.pg_class.relnamespace 
WHERE pg_catalog.pg_class.relname = $1::VARCHAR AND pg_catalog.pg_class.relkind = ANY (ARRAY[$2::VARCHAR, $3::VARCHAR, $4::VARCHAR, $5::VARCHAR, $6::VARCHAR]) AND pg_catalog.pg_table_is_visible(pg_catalog.pg_class.oid) AND pg_catalog.pg_namespace.nspname != $7::VARCHAR (base.py:1840)
2025-09-05 14:58:01 [    INFO] [cached since 0.2309s ago] ('users', 'r', 'p', 'f', 'v', 'm', 'pg_catalog') (base.py:1840)
2025-09-05 14:58:01 [    INFO] SELECT pg_catalog.pg_class.relname 
FROM pg_catalog.pg_class JOIN pg_catalog.pg_namespace ON pg_catalog.pg_namespace.oid = pg_catalog.pg_class.relnamespace 
WHERE pg_catalog.pg_class.relname = $1::VARCHAR AND pg_catalog.pg_class.relkind = ANY (ARRAY[$2::VARCHAR, $3::VARCHAR, $4::VARCHAR, $5::VARCHAR, $6::VARCHAR]) AND pg_catalog.pg_table_is_visible(pg_catalog.pg_class.oid) AND pg_catalog.pg_namespace.nspname != $7::VARCHAR (base.py:1840)
2025-09-05 14:58:01 [    INFO] [cached since 0.233s ago] ('auth_tokens', 'r', 'p', 'f', 'v', 'm', 'pg_catalog') (base.py:1840)
2025-09-05 14:58:01 [    INFO] SELECT pg_catalog.pg_class.relname 
FROM pg_catalog.pg_class JOIN pg_catalog.pg_namespace ON pg_catalog.pg_namespace.oid = pg_catalog.pg_class.relnamespace 
WHERE pg_catalog.pg_class.relname = $1::VARCHAR AND pg_catalog.pg_class.relkind = ANY (ARRAY[$2::VARCHAR, $3::VARCHAR, $4::VARCHAR, $5::VARCHAR, $6::VARCHAR]) AND pg_catalog.pg_table_is_visible(pg_catalog.pg_class.oid) AND pg_catalog.pg_namespace.nspname != $7::VARCHAR (base.py:1840)
2025-09-05 14:58:01 [    INFO] [cached since 0.235s ago] ('user_sessions', 'r', 'p', 'f', 'v', 'm', 'pg_catalog') (base.py:1840)
2025-09-05 14:58:01 [    INFO] SELECT pg_catalog.pg_class.relname 
FROM pg_catalog.pg_class JOIN pg_catalog.pg_namespace ON pg_catalog.pg_namespace.oid = pg_catalog.pg_class.relnamespace 
WHERE pg_catalog.pg_class.relname = $1::VARCHAR AND pg_catalog.pg_class.relkind = ANY (ARRAY[$2::VARCHAR, $3::VARCHAR, $4::VARCHAR, $5::VARCHAR, $6::VARCHAR]) AND pg_catalog.pg_table_is_visible(pg_catalog.pg_class.oid) AND pg_catalog.pg_namespace.nspname != $7::VARCHAR (base.py:1840)
2025-09-05 14:58:01 [    INFO] [cached since 0.2365s ago] ('user_profile_changes', 'r', 'p', 'f', 'v', 'm', 'pg_catalog') (base.py:1840)
2025-09-05 14:58:01 [    INFO] SELECT pg_catalog.pg_class.relname 
FROM pg_catalog.pg_class JOIN pg_catalog.pg_namespace ON pg_catalog.pg_namespace.oid = pg_catalog.pg_class.relnamespace 
WHERE pg_catalog.pg_class.relname = $1::VARCHAR AND pg_catalog.pg_class.relkind = ANY (ARRAY[$2::VARCHAR, $3::VARCHAR, $4::VARCHAR, $5::VARCHAR, $6::VARCHAR]) AND pg_catalog.pg_table_is_visible(pg_catalog.pg_class.oid) AND pg_catalog.pg_namespace.nspname != $7::VARCHAR (base.py:1840)
2025-09-05 14:58:01 [    INFO] [cached since 0.238s ago] ('admin_users', 'r', 'p', 'f', 'v', 'm', 'pg_catalog') (base.py:1840)
2025-09-05 14:58:01 [    INFO] SELECT pg_catalog.pg_class.relname 
FROM pg_catalog.pg_class JOIN pg_catalog.pg_namespace ON pg_catalog.pg_namespace.oid = pg_catalog.pg_class.relnamespace 
WHERE pg_catalog.pg_class.relname = $1::VARCHAR AND pg_catalog.pg_class.relkind = ANY (ARRAY[$2::VARCHAR, $3::VARCHAR, $4::VARCHAR, $5::VARCHAR, $6::VARCHAR]) AND pg_catalog.pg_table_is_visible(pg_catalog.pg_class.oid) AND pg_catalog.pg_namespace.nspname != $7::VARCHAR (base.py:1840)
2025-09-05 14:58:01 [    INFO] [cached since 0.2399s ago] ('admin_actions', 'r', 'p', 'f', 'v', 'm', 'pg_catalog') (base.py:1840)
2025-09-05 14:58:01 [    INFO] SELECT pg_catalog.pg_class.relname 
FROM pg_catalog.pg_class JOIN pg_catalog.pg_namespace ON pg_catalog.pg_namespace.oid = pg_catalog.pg_class.relnamespace 
WHERE pg_catalog.pg_class.relname = $1::VARCHAR AND pg_catalog.pg_class.relkind = ANY (ARRAY[$2::VARCHAR, $3::VARCHAR, $4::VARCHAR, $5::VARCHAR, $6::VARCHAR]) AND pg_catalog.pg_table_is_visible(pg_catalog.pg_class.oid) AND pg_catalog.pg_namespace.nspname != $7::VARCHAR (base.py:1840)
2025-09-05 14:58:01 [    INFO] [cached since 0.2423s ago] ('system_configs', 'r', 'p', 'f', 'v', 'm', 'pg_catalog') (base.py:1840)
2025-09-05 14:58:01 [    INFO] SELECT pg_catalog.pg_class.relname 
FROM pg_catalog.pg_class JOIN pg_catalog.pg_namespace ON pg_catalog.pg_namespace.oid = pg_catalog.pg_class.relnamespace 
WHERE pg_catalog.pg_class.relname = $1::VARCHAR AND pg_catalog.pg_class.relkind = ANY (ARRAY[$2::VARCHAR, $3::VARCHAR, $4::VARCHAR, $5::VARCHAR, $6::VARCHAR]) AND pg_catalog.pg_table_is_visible(pg_catalog.pg_class.oid) AND pg_catalog.pg_namespace.nspname != $7::VARCHAR (base.py:1840)
2025-09-05 14:58:01 [    INFO] [cached since 0.2443s ago] ('audit_logs', 'r', 'p', 'f', 'v', 'm', 'pg_catalog') (base.py:1840)
2025-09-05 14:58:01 [    INFO] SELECT pg_catalog.pg_class.relname 
FROM pg_catalog.pg_class JOIN pg_catalog.pg_namespace ON pg_catalog.pg_namespace.oid = pg_catalog.pg_class.relnamespace 
WHERE pg_catalog.pg_class.relname = $1::VARCHAR AND pg_catalog.pg_class.relkind = ANY (ARRAY[$2::VARCHAR, $3::VARCHAR, $4::VARCHAR, $5::VARCHAR, $6::VARCHAR]) AND pg_catalog.pg_table_is_visible(pg_catalog.pg_class.oid) AND pg_catalog.pg_namespace.nspname != $7::VARCHAR (base.py:1840)
2025-09-05 14:58:01 [    INFO] [cached since 0.2461s ago] ('support_tickets', 'r', 'p', 'f', 'v', 'm', 'pg_catalog') (base.py:1840)
2025-09-05 14:58:01 [    INFO] SELECT pg_catalog.pg_class.relname 
FROM pg_catalog.pg_class JOIN pg_catalog.pg_namespace ON pg_catalog.pg_namespace.oid = pg_catalog.pg_class.relnamespace 
WHERE pg_catalog.pg_class.relname = $1::VARCHAR AND pg_catalog.pg_class.relkind = ANY (ARRAY[$2::VARCHAR, $3::VARCHAR, $4::VARCHAR, $5::VARCHAR, $6::VARCHAR]) AND pg_catalog.pg_table_is_visible(pg_catalog.pg_class.oid) AND pg_catalog.pg_namespace.nspname != $7::VARCHAR (base.py:1840)
2025-09-05 14:58:01 [    INFO] [cached since 0.2476s ago] ('support_messages', 'r', 'p', 'f', 'v', 'm', 'pg_catalog') (base.py:1840)
2025-09-05 14:58:01 [    INFO] SELECT pg_catalog.pg_class.relname 
FROM pg_catalog.pg_class JOIN pg_catalog.pg_namespace ON pg_catalog.pg_namespace.oid = pg_catalog.pg_class.relnamespace 
WHERE pg_catalog.pg_class.relname = $1::VARCHAR AND pg_catalog.pg_class.relkind = ANY (ARRAY[$2::VARCHAR, $3::VARCHAR, $4::VARCHAR, $5::VARCHAR, $6::VARCHAR]) AND pg_catalog.pg_table_is_visible(pg_catalog.pg_class.oid) AND pg_catalog.pg_namespace.nspname != $7::VARCHAR (base.py:1840)
2025-09-05 14:58:01 [    INFO] [cached since 0.249s ago] ('content_moderation', 'r', 'p', 'f', 'v', 'm', 'pg_catalog') (base.py:1840)
2025-09-05 14:58:01 [    INFO] SELECT pg_catalog.pg_class.relname 
FROM pg_catalog.pg_class JOIN pg_catalog.pg_namespace ON pg_catalog.pg_namespace.oid = pg_catalog.pg_class.relnamespace 
WHERE pg_catalog.pg_class.relname = $1::VARCHAR AND pg_catalog.pg_class.relkind = ANY (ARRAY[$2::VARCHAR, $3::VARCHAR, $4::VARCHAR, $5::VARCHAR, $6::VARCHAR]) AND pg_catalog.pg_table_is_visible(pg_catalog.pg_class.oid) AND pg_catalog.pg_namespace.nspname != $7::VARCHAR (base.py:1840)
2025-09-05 14:58:01 [    INFO] [cached since 0.2508s ago] ('system_metrics', 'r', 'p', 'f', 'v', 'm', 'pg_catalog') (base.py:1840)
2025-09-05 14:58:01 [    INFO] SELECT pg_catalog.pg_class.relname 
FROM pg_catalog.pg_class JOIN pg_catalog.pg_namespace ON pg_catalog.pg_namespace.oid = pg_catalog.pg_class.relnamespace 
WHERE pg_catalog.pg_class.relname = $1::VARCHAR AND pg_catalog.pg_class.relkind = ANY (ARRAY[$2::VARCHAR, $3::VARCHAR, $4::VARCHAR, $5::VARCHAR, $6::VARCHAR]) AND pg_catalog.pg_table_is_visible(pg_catalog.pg_class.oid) AND pg_catalog.pg_namespace.nspname != $7::VARCHAR (base.py:1840)
2025-09-05 14:58:01 [    INFO] [cached since 0.2523s ago] ('admin_dashboards', 'r', 'p', 'f', 'v', 'm', 'pg_catalog') (base.py:1840)
2025-09-05 14:58:01 [    INFO] SELECT pg_catalog.pg_class.relname 
FROM pg_catalog.pg_class JOIN pg_catalog.pg_namespace ON pg_catalog.pg_namespace.oid = pg_catalog.pg_class.relnamespace 
WHERE pg_catalog.pg_class.relname = $1::VARCHAR AND pg_catalog.pg_class.relkind = ANY (ARRAY[$2::VARCHAR, $3::VARCHAR, $4::VARCHAR, $5::VARCHAR, $6::VARCHAR]) AND pg_catalog.pg_table_is_visible(pg_catalog.pg_class.oid) AND pg_catalog.pg_namespace.nspname != $7::VARCHAR (base.py:1840)
2025-09-05 14:58:01 [    INFO] [cached since 0.2537s ago] ('admin_notifications', 'r', 'p', 'f', 'v', 'm', 'pg_catalog') (base.py:1840)
2025-09-05 14:58:01 [    INFO] SELECT pg_catalog.pg_class.relname 
FROM pg_catalog.pg_class JOIN pg_catalog.pg_namespace ON pg_catalog.pg_namespace.oid = pg_catalog.pg_class.relnamespace 
WHERE pg_catalog.pg_class.relname = $1::VARCHAR AND pg_catalog.pg_class.relkind = ANY (ARRAY[$2::VARCHAR, $3::VARCHAR, $4::VARCHAR, $5::VARCHAR, $6::VARCHAR]) AND pg_catalog.pg_table_is_visible(pg_catalog.pg_class.oid) AND pg_catalog.pg_namespace.nspname != $7::VARCHAR (base.py:1840)
2025-09-05 14:58:01 [    INFO] [cached since 0.2554s ago] ('ip_blocklist', 'r', 'p', 'f', 'v', 'm', 'pg_catalog') (base.py:1840)
2025-09-05 14:58:01 [    INFO] SELECT pg_catalog.pg_class.relname 
FROM pg_catalog.pg_class JOIN pg_catalog.pg_namespace ON pg_catalog.pg_namespace.oid = pg_catalog.pg_class.relnamespace 
WHERE pg_catalog.pg_class.relname = $1::VARCHAR AND pg_catalog.pg_class.relkind = ANY (ARRAY[$2::VARCHAR, $3::VARCHAR, $4::VARCHAR, $5::VARCHAR, $6::VARCHAR]) AND pg_catalog.pg_table_is_visible(pg_catalog.pg_class.oid) AND pg_catalog.pg_namespace.nspname != $7::VARCHAR (base.py:1840)
2025-09-05 14:58:01 [    INFO] [cached since 0.257s ago] ('admin_reports', 'r', 'p', 'f', 'v', 'm', 'pg_catalog') (base.py:1840)
2025-09-05 14:58:01 [    INFO] SELECT pg_catalog.pg_class.relname 
FROM pg_catalog.pg_class JOIN pg_catalog.pg_namespace ON pg_catalog.pg_namespace.oid = pg_catalog.pg_class.relnamespace 
WHERE pg_catalog.pg_class.relname = $1::VARCHAR AND pg_catalog.pg_class.relkind = ANY (ARRAY[$2::VARCHAR, $3::VARCHAR, $4::VARCHAR, $5::VARCHAR, $6::VARCHAR]) AND pg_catalog.pg_table_is_visible(pg_catalog.pg_class.oid) AND pg_catalog.pg_namespace.nspname != $7::VARCHAR (base.py:1840)
2025-09-05 14:58:01 [    INFO] [cached since 0.2584s ago] ('payments', 'r', 'p', 'f', 'v', 'm', 'pg_catalog') (base.py:1840)
2025-09-05 14:58:01 [    INFO] SELECT pg_catalog.pg_class.relname 
FROM pg_catalog.pg_class JOIN pg_catalog.pg_namespace ON pg_catalog.pg_namespace.oid = pg_catalog.pg_class.relnamespace 
WHERE pg_catalog.pg_class.relname = $1::VARCHAR AND pg_catalog.pg_class.relkind = ANY (ARRAY[$2::VARCHAR, $3::VARCHAR, $4::VARCHAR, $5::VARCHAR, $6::VARCHAR]) AND pg_catalog.pg_table_is_visible(pg_catalog.pg_class.oid) AND pg_catalog.pg_namespace.nspname != $7::VARCHAR (base.py:1840)
2025-09-05 14:58:01 [    INFO] [cached since 0.2601s ago] ('payment_refunds', 'r', 'p', 'f', 'v', 'm', 'pg_catalog') (base.py:1840)
2025-09-05 14:58:01 [    INFO] SELECT pg_catalog.pg_class.relname 
FROM pg_catalog.pg_class JOIN pg_catalog.pg_namespace ON pg_catalog.pg_namespace.oid = pg_catalog.pg_class.relnamespace 
WHERE pg_catalog.pg_class.relname = $1::VARCHAR AND pg_catalog.pg_class.relkind = ANY (ARRAY[$2::VARCHAR, $3::VARCHAR, $4::VARCHAR, $5::VARCHAR, $6::VARCHAR]) AND pg_catalog.pg_table_is_visible(pg_catalog.pg_class.oid) AND pg_catalog.pg_namespace.nspname != $7::VARCHAR (base.py:1840)
2025-09-05 14:58:01 [    INFO] [cached since 0.2615s ago] ('payment_webhooks', 'r', 'p', 'f', 'v', 'm', 'pg_catalog') (base.py:1840)
2025-09-05 14:58:01 [    INFO] SELECT pg_catalog.pg_class.relname 
FROM pg_catalog.pg_class JOIN pg_catalog.pg_namespace ON pg_catalog.pg_namespace.oid = pg_catalog.pg_class.relnamespace 
WHERE pg_catalog.pg_class.relname = $1::VARCHAR AND pg_catalog.pg_class.relkind = ANY (ARRAY[$2::VARCHAR, $3::VARCHAR, $4::VARCHAR, $5::VARCHAR, $6::VARCHAR]) AND pg_catalog.pg_table_is_visible(pg_catalog.pg_class.oid) AND pg_catalog.pg_namespace.nspname != $7::VARCHAR (base.py:1840)
2025-09-05 14:58:01 [    INFO] [cached since 0.2628s ago] ('withdrawal_requests', 'r', 'p', 'f', 'v', 'm', 'pg_catalog') (base.py:1840)
2025-09-05 14:58:01 [    INFO] SELECT pg_catalog.pg_class.relname 
FROM pg_catalog.pg_class JOIN pg_catalog.pg_namespace ON pg_catalog.pg_namespace.oid = pg_catalog.pg_class.relnamespace 
WHERE pg_catalog.pg_class.relname = $1::VARCHAR AND pg_catalog.pg_class.relkind = ANY (ARRAY[$2::VARCHAR, $3::VARCHAR, $4::VARCHAR, $5::VARCHAR, $6::VARCHAR]) AND pg_catalog.pg_table_is_visible(pg_catalog.pg_class.oid) AND pg_catalog.pg_namespace.nspname != $7::VARCHAR (base.py:1840)
2025-09-05 14:58:01 [    INFO] [cached since 0.264s ago] ('sellers', 'r', 'p', 'f', 'v', 'm', 'pg_catalog') (base.py:1840)
2025-09-05 14:58:01 [    INFO] SELECT pg_catalog.pg_class.relname 
FROM pg_catalog.pg_class JOIN pg_catalog.pg_namespace ON pg_catalog.pg_namespace.oid = pg_catalog.pg_class.relnamespace 
WHERE pg_catalog.pg_class.relname = $1::VARCHAR AND pg_catalog.pg_class.relkind = ANY (ARRAY[$2::VARCHAR, $3::VARCHAR, $4::VARCHAR, $5::VARCHAR, $6::VARCHAR]) AND pg_catalog.pg_table_is_visible(pg_catalog.pg_class.oid) AND pg_catalog.pg_namespace.nspname != $7::VARCHAR (base.py:1840)
2025-09-05 14:58:01 [    INFO] [cached since 0.266s ago] ('orders', 'r', 'p', 'f', 'v', 'm', 'pg_catalog') (base.py:1840)
2025-09-05 14:58:01 [    INFO] SELECT pg_catalog.pg_class.relname 
FROM pg_catalog.pg_class JOIN pg_catalog.pg_namespace ON pg_catalog.pg_namespace.oid = pg_catalog.pg_class.relnamespace 
WHERE pg_catalog.pg_class.relname = $1::VARCHAR AND pg_catalog.pg_class.relkind = ANY (ARRAY[$2::VARCHAR, $3::VARCHAR, $4::VARCHAR, $5::VARCHAR, $6::VARCHAR]) AND pg_catalog.pg_table_is_visible(pg_catalog.pg_class.oid) AND pg_catalog.pg_namespace.nspname != $7::VARCHAR (base.py:1840)
2025-09-05 14:58:01 [    INFO] [cached since 0.2677s ago] ('ads', 'r', 'p', 'f', 'v', 'm', 'pg_catalog') (base.py:1840)
2025-09-05 14:58:01 [    INFO] SELECT pg_catalog.pg_class.relname 
FROM pg_catalog.pg_class JOIN pg_catalog.pg_namespace ON pg_catalog.pg_namespace.oid = pg_catalog.pg_class.relnamespace 
WHERE pg_catalog.pg_class.relname = $1::VARCHAR AND pg_catalog.pg_class.relkind = ANY (ARRAY[$2::VARCHAR, $3::VARCHAR, $4::VARCHAR, $5::VARCHAR, $6::VARCHAR]) AND pg_catalog.pg_table_is_visible(pg_catalog.pg_class.oid) AND pg_catalog.pg_namespace.nspname != $7::VARCHAR (base.py:1840)
2025-09-05 14:58:01 [    INFO] [cached since 0.2691s ago] ('ad_campaigns', 'r', 'p', 'f', 'v', 'm', 'pg_catalog') (base.py:1840)
2025-09-05 14:58:01 [    INFO] SELECT pg_catalog.pg_class.relname 
FROM pg_catalog.pg_class JOIN pg_catalog.pg_namespace ON pg_catalog.pg_namespace.oid = pg_catalog.pg_class.relnamespace 
WHERE pg_catalog.pg_class.relname = $1::VARCHAR AND pg_catalog.pg_class.relkind = ANY (ARRAY[$2::VARCHAR, $3::VARCHAR, $4::VARCHAR, $5::VARCHAR, $6::VARCHAR]) AND pg_catalog.pg_table_is_visible(pg_catalog.pg_class.oid) AND pg_catalog.pg_namespace.nspname != $7::VARCHAR (base.py:1840)
2025-09-05 14:58:01 [    INFO] [cached since 0.2707s ago] ('ad_impressions', 'r', 'p', 'f', 'v', 'm', 'pg_catalog') (base.py:1840)
2025-09-05 14:58:01 [    INFO] SELECT pg_catalog.pg_class.relname 
FROM pg_catalog.pg_class JOIN pg_catalog.pg_namespace ON pg_catalog.pg_namespace.oid = pg_catalog.pg_class.relnamespace 
WHERE pg_catalog.pg_class.relname = $1::VARCHAR AND pg_catalog.pg_class.relkind = ANY (ARRAY[$2::VARCHAR, $3::VARCHAR, $4::VARCHAR, $5::VARCHAR, $6::VARCHAR]) AND pg_catalog.pg_table_is_visible(pg_catalog.pg_class.oid) AND pg_catalog.pg_namespace.nspname != $7::VARCHAR (base.py:1840)
2025-09-05 14:58:01 [    INFO] [cached since 0.272s ago] ('ad_clicks', 'r', 'p', 'f', 'v', 'm', 'pg_catalog') (base.py:1840)
2025-09-05 14:58:01 [    INFO] SELECT pg_catalog.pg_class.relname 
FROM pg_catalog.pg_class JOIN pg_catalog.pg_namespace ON pg_catalog.pg_namespace.oid = pg_catalog.pg_class.relnamespace 
WHERE pg_catalog.pg_class.relname = $1::VARCHAR AND pg_catalog.pg_class.relkind = ANY (ARRAY[$2::VARCHAR, $3::VARCHAR, $4::VARCHAR, $5::VARCHAR, $6::VARCHAR]) AND pg_catalog.pg_table_is_visible(pg_catalog.pg_class.oid) AND pg_catalog.pg_namespace.nspname != $7::VARCHAR (base.py:1840)
2025-09-05 14:58:01 [    INFO] [cached since 0.2734s ago] ('ad_conversions', 'r', 'p', 'f', 'v', 'm', 'pg_catalog') (base.py:1840)
2025-09-05 14:58:01 [    INFO] SELECT pg_catalog.pg_class.relname 
FROM pg_catalog.pg_class JOIN pg_catalog.pg_namespace ON pg_catalog.pg_namespace.oid = pg_catalog.pg_class.relnamespace 
WHERE pg_catalog.pg_class.relname = $1::VARCHAR AND pg_catalog.pg_class.relkind = ANY (ARRAY[$2::VARCHAR, $3::VARCHAR, $4::VARCHAR, $5::VARCHAR, $6::VARCHAR]) AND pg_catalog.pg_table_is_visible(pg_catalog.pg_class.oid) AND pg_catalog.pg_namespace.nspname != $7::VARCHAR (base.py:1840)
2025-09-05 14:58:01 [    INFO] [cached since 0.2749s ago] ('ad_bids', 'r', 'p', 'f', 'v', 'm', 'pg_catalog') (base.py:1840)
2025-09-05 14:58:01 [    INFO] SELECT pg_catalog.pg_class.relname 
FROM pg_catalog.pg_class JOIN pg_catalog.pg_namespace ON pg_catalog.pg_namespace.oid = pg_catalog.pg_class.relnamespace 
WHERE pg_catalog.pg_class.relname = $1::VARCHAR AND pg_catalog.pg_class.relkind = ANY (ARRAY[$2::VARCHAR, $3::VARCHAR, $4::VARCHAR, $5::VARCHAR, $6::VARCHAR]) AND pg_catalog.pg_table_is_visible(pg_catalog.pg_class.oid) AND pg_catalog.pg_namespace.nspname != $7::VARCHAR (base.py:1840)
2025-09-05 14:58:01 [    INFO] [cached since 0.2765s ago] ('ad_spaces', 'r', 'p', 'f', 'v', 'm', 'pg_catalog') (base.py:1840)
2025-09-05 14:58:01 [    INFO] SELECT pg_catalog.pg_class.relname 
FROM pg_catalog.pg_class JOIN pg_catalog.pg_namespace ON pg_catalog.pg_namespace.oid = pg_catalog.pg_class.relnamespace 
WHERE pg_catalog.pg_class.relname = $1::VARCHAR AND pg_catalog.pg_class.relkind = ANY (ARRAY[$2::VARCHAR, $3::VARCHAR, $4::VARCHAR, $5::VARCHAR, $6::VARCHAR]) AND pg_catalog.pg_table_is_visible(pg_catalog.pg_class.oid) AND pg_catalog.pg_namespace.nspname != $7::VARCHAR (base.py:1840)
2025-09-05 14:58:01 [    INFO] [cached since 0.278s ago] ('ad_blocklist', 'r', 'p', 'f', 'v', 'm', 'pg_catalog') (base.py:1840)
2025-09-05 14:58:01 [    INFO] SELECT pg_catalog.pg_class.relname 
FROM pg_catalog.pg_class JOIN pg_catalog.pg_namespace ON pg_catalog.pg_namespace.oid = pg_catalog.pg_class.relnamespace 
WHERE pg_catalog.pg_class.relname = $1::VARCHAR AND pg_catalog.pg_class.relkind = ANY (ARRAY[$2::VARCHAR, $3::VARCHAR, $4::VARCHAR, $5::VARCHAR, $6::VARCHAR]) AND pg_catalog.pg_table_is_visible(pg_catalog.pg_class.oid) AND pg_catalog.pg_namespace.nspname != $7::VARCHAR (base.py:1840)
2025-09-05 14:58:01 [    INFO] [cached since 0.2793s ago] ('ad_analytics', 'r', 'p', 'f', 'v', 'm', 'pg_catalog') (base.py:1840)
2025-09-05 14:58:01 [    INFO] SELECT pg_catalog.pg_class.relname 
FROM pg_catalog.pg_class JOIN pg_catalog.pg_namespace ON pg_catalog.pg_namespace.oid = pg_catalog.pg_class.relnamespace 
WHERE pg_catalog.pg_class.relname = $1::VARCHAR AND pg_catalog.pg_class.relkind = ANY (ARRAY[$2::VARCHAR, $3::VARCHAR, $4::VARCHAR, $5::VARCHAR, $6::VARCHAR]) AND pg_catalog.pg_table_is_visible(pg_catalog.pg_class.oid) AND pg_catalog.pg_namespace.nspname != $7::VARCHAR (base.py:1840)
2025-09-05 14:58:01 [    INFO] [cached since 0.2811s ago] ('ai_tasks', 'r', 'p', 'f', 'v', 'm', 'pg_catalog') (base.py:1840)
2025-09-05 14:58:01 [    INFO] SELECT pg_catalog.pg_class.relname 
FROM pg_catalog.pg_class JOIN pg_catalog.pg_namespace ON pg_catalog.pg_namespace.oid = pg_catalog.pg_class.relnamespace 
WHERE pg_catalog.pg_class.relname = $1::VARCHAR AND pg_catalog.pg_class.relkind = ANY (ARRAY[$2::VARCHAR, $3::VARCHAR, $4::VARCHAR, $5::VARCHAR, $6::VARCHAR]) AND pg_catalog.pg_table_is_visible(pg_catalog.pg_class.oid) AND pg_catalog.pg_namespace.nspname != $7::VARCHAR (base.py:1840)
2025-09-05 14:58:01 [    INFO] [cached since 0.2827s ago] ('carts', 'r', 'p', 'f', 'v', 'm', 'pg_catalog') (base.py:1840)
2025-09-05 14:58:01 [    INFO] SELECT pg_catalog.pg_class.relname 
FROM pg_catalog.pg_class JOIN pg_catalog.pg_namespace ON pg_catalog.pg_namespace.oid = pg_catalog.pg_class.relnamespace 
WHERE pg_catalog.pg_class.relname = $1::VARCHAR AND pg_catalog.pg_class.relkind = ANY (ARRAY[$2::VARCHAR, $3::VARCHAR, $4::VARCHAR, $5::VARCHAR, $6::VARCHAR]) AND pg_catalog.pg_table_is_visible(pg_catalog.pg_class.oid) AND pg_catalog.pg_namespace.nspname != $7::VARCHAR (base.py:1840)
2025-09-05 14:58:01 [    INFO] [cached since 0.2842s ago] ('cart_items', 'r', 'p', 'f', 'v', 'm', 'pg_catalog') (base.py:1840)
2025-09-05 14:58:01 [    INFO] SELECT pg_catalog.pg_class.relname 
FROM pg_catalog.pg_class JOIN pg_catalog.pg_namespace ON pg_catalog.pg_namespace.oid = pg_catalog.pg_class.relnamespace 
WHERE pg_catalog.pg_class.relname = $1::VARCHAR AND pg_catalog.pg_class.relkind = ANY (ARRAY[$2::VARCHAR, $3::VARCHAR, $4::VARCHAR, $5::VARCHAR, $6::VARCHAR]) AND pg_catalog.pg_table_is_visible(pg_catalog.pg_class.oid) AND pg_catalog.pg_namespace.nspname != $7::VARCHAR (base.py:1840)
2025-09-05 14:58:01 [    INFO] [cached since 0.2856s ago] ('cms_pages', 'r', 'p', 'f', 'v', 'm', 'pg_catalog') (base.py:1840)
2025-09-05 14:58:01 [    INFO] SELECT pg_catalog.pg_type.typname 
FROM pg_catalog.pg_type JOIN pg_catalog.pg_namespace ON pg_catalog.pg_namespace.oid = pg_catalog.pg_type.typnamespace 
WHERE pg_catalog.pg_type.typname = $1::VARCHAR AND pg_catalog.pg_type_is_visible(pg_catalog.pg_type.oid) AND pg_catalog.pg_namespace.nspname != $2::VARCHAR (base.py:1840)
2025-09-05 14:58:01 [    INFO] [cached since 0.2278s ago] ('adminrole', 'pg_catalog') (base.py:1840)
2025-09-05 14:58:01 [    INFO] SELECT pg_catalog.pg_type.typname 
FROM pg_catalog.pg_type JOIN pg_catalog.pg_namespace ON pg_catalog.pg_namespace.oid = pg_catalog.pg_type.typnamespace 
WHERE pg_catalog.pg_type.typname = $1::VARCHAR AND pg_catalog.pg_type_is_visible(pg_catalog.pg_type.oid) AND pg_catalog.pg_namespace.nspname != $2::VARCHAR (base.py:1840)
2025-09-05 14:58:01 [    INFO] [cached since 0.2297s ago] ('adminactiontype', 'pg_catalog') (base.py:1840)
2025-09-05 14:58:01 [    INFO] SELECT pg_catalog.pg_type.typname 
FROM pg_catalog.pg_type JOIN pg_catalog.pg_namespace ON pg_catalog.pg_namespace.oid = pg_catalog.pg_type.typnamespace 
WHERE pg_catalog.pg_type.typname = $1::VARCHAR AND pg_catalog.pg_type_is_visible(pg_catalog.pg_type.oid) AND pg_catalog.pg_namespace.nspname != $2::VARCHAR (base.py:1840)
2025-09-05 14:58:01 [    INFO] [cached since 0.2315s ago] ('adminactionstatus', 'pg_catalog') (base.py:1840)
2025-09-05 14:58:01 [    INFO] SELECT pg_catalog.pg_type.typname 
FROM pg_catalog.pg_type JOIN pg_catalog.pg_namespace ON pg_catalog.pg_namespace.oid = pg_catalog.pg_type.typnamespace 
WHERE pg_catalog.pg_type.typname = $1::VARCHAR AND pg_catalog.pg_type_is_visible(pg_catalog.pg_type.oid) AND pg_catalog.pg_namespace.nspname != $2::VARCHAR (base.py:1840)
2025-09-05 14:58:01 [    INFO] [cached since 0.2337s ago] ('paymentstatus', 'pg_catalog') (base.py:1840)
2025-09-05 14:58:01 [    INFO] SELECT pg_catalog.pg_type.typname 
FROM pg_catalog.pg_type JOIN pg_catalog.pg_namespace ON pg_catalog.pg_namespace.oid = pg_catalog.pg_type.typnamespace 
WHERE pg_catalog.pg_type.typname = $1::VARCHAR AND pg_catalog.pg_type_is_visible(pg_catalog.pg_type.oid) AND pg_catalog.pg_namespace.nspname != $2::VARCHAR (base.py:1840)
2025-09-05 14:58:01 [    INFO] [cached since 0.2357s ago] ('paymentmethod', 'pg_catalog') (base.py:1840)
2025-09-05 14:58:01 [    INFO] SELECT pg_catalog.pg_type.typname 
FROM pg_catalog.pg_type JOIN pg_catalog.pg_namespace ON pg_catalog.pg_namespace.oid = pg_catalog.pg_type.typnamespace 
WHERE pg_catalog.pg_type.typname = $1::VARCHAR AND pg_catalog.pg_type_is_visible(pg_catalog.pg_type.oid) AND pg_catalog.pg_namespace.nspname != $2::VARCHAR (base.py:1840)
2025-09-05 14:58:01 [    INFO] [cached since 0.2376s ago] ('paymenttype', 'pg_catalog') (base.py:1840)
2025-09-05 14:58:01 [    INFO] SELECT pg_catalog.pg_type.typname 
FROM pg_catalog.pg_type JOIN pg_catalog.pg_namespace ON pg_catalog.pg_namespace.oid = pg_catalog.pg_type.typnamespace 
WHERE pg_catalog.pg_type.typname = $1::VARCHAR AND pg_catalog.pg_type_is_visible(pg_catalog.pg_type.oid) AND pg_catalog.pg_namespace.nspname != $2::VARCHAR (base.py:1840)
2025-09-05 14:58:01 [    INFO] [cached since 0.2393s ago] ('orderstatus', 'pg_catalog') (base.py:1840)
2025-09-05 14:58:01 [    INFO] SELECT pg_catalog.pg_type.typname 
FROM pg_catalog.pg_type JOIN pg_catalog.pg_namespace ON pg_catalog.pg_namespace.oid = pg_catalog.pg_type.typnamespace 
WHERE pg_catalog.pg_type.typname = $1::VARCHAR AND pg_catalog.pg_type_is_visible(pg_catalog.pg_type.oid) AND pg_catalog.pg_namespace.nspname != $2::VARCHAR (base.py:1840)
2025-09-05 14:58:01 [    INFO] [cached since 0.2411s ago] ('adtype', 'pg_catalog') (base.py:1840)
2025-09-05 14:58:01 [    INFO] SELECT pg_catalog.pg_type.typname 
FROM pg_catalog.pg_type JOIN pg_catalog.pg_namespace ON pg_catalog.pg_namespace.oid = pg_catalog.pg_type.typnamespace 
WHERE pg_catalog.pg_type.typname = $1::VARCHAR AND pg_catalog.pg_type_is_visible(pg_catalog.pg_type.oid) AND pg_catalog.pg_namespace.nspname != $2::VARCHAR (base.py:1840)
2025-09-05 14:58:01 [    INFO] [cached since 0.2427s ago] ('adstatus', 'pg_catalog') (base.py:1840)
2025-09-05 14:58:01 [    INFO] SELECT pg_catalog.pg_type.typname 
FROM pg_catalog.pg_type JOIN pg_catalog.pg_namespace ON pg_catalog.pg_namespace.oid = pg_catalog.pg_type.typnamespace 
WHERE pg_catalog.pg_type.typname = $1::VARCHAR AND pg_catalog.pg_type_is_visible(pg_catalog.pg_type.oid) AND pg_catalog.pg_namespace.nspname != $2::VARCHAR (base.py:1840)
2025-09-05 14:58:01 [    INFO] [cached since 0.2446s ago] ('biddingtype', 'pg_catalog') (base.py:1840)
2025-09-05 14:58:01 [    INFO] COMMIT (base.py:2702)
2025-09-05 14:58:01 [    INFO] BEGIN (implicit) (base.py:2696)
2025-09-05 14:58:01 [    INFO] SELECT pg_catalog.pg_class.relname 
FROM pg_catalog.pg_class JOIN pg_catalog.pg_namespace ON pg_catalog.pg_namespace.oid = pg_catalog.pg_class.relnamespace 
WHERE pg_catalog.pg_class.relname = $1::VARCHAR AND pg_catalog.pg_class.relkind = ANY (ARRAY[$2::VARCHAR, $3::VARCHAR, $4::VARCHAR, $5::VARCHAR, $6::VARCHAR]) AND pg_catalog.pg_table_is_visible(pg_catalog.pg_class.oid) AND pg_catalog.pg_namespace.nspname != $7::VARCHAR (base.py:1840)
2025-09-05 14:58:01 [    INFO] [cached since 0.3927s ago] ('users', 'r', 'p', 'f', 'v', 'm', 'pg_catalog') (base.py:1840)
2025-09-05 14:58:01 [    INFO] SELECT pg_catalog.pg_class.relname 
FROM pg_catalog.pg_class JOIN pg_catalog.pg_namespace ON pg_catalog.pg_namespace.oid = pg_catalog.pg_class.relnamespace 
WHERE pg_catalog.pg_class.relname = $1::VARCHAR AND pg_catalog.pg_class.relkind = ANY (ARRAY[$2::VARCHAR, $3::VARCHAR, $4::VARCHAR, $5::VARCHAR, $6::VARCHAR]) AND pg_catalog.pg_table_is_visible(pg_catalog.pg_class.oid) AND pg_catalog.pg_namespace.nspname != $7::VARCHAR (base.py:1840)
2025-09-05 14:58:01 [    INFO] [cached since 0.3949s ago] ('auth_tokens', 'r', 'p', 'f', 'v', 'm', 'pg_catalog') (base.py:1840)
2025-09-05 14:58:01 [    INFO] SELECT pg_catalog.pg_class.relname 
FROM pg_catalog.pg_class JOIN pg_catalog.pg_namespace ON pg_catalog.pg_namespace.oid = pg_catalog.pg_class.relnamespace 
WHERE pg_catalog.pg_class.relname = $1::VARCHAR AND pg_catalog.pg_class.relkind = ANY (ARRAY[$2::VARCHAR, $3::VARCHAR, $4::VARCHAR, $5::VARCHAR, $6::VARCHAR]) AND pg_catalog.pg_table_is_visible(pg_catalog.pg_class.oid) AND pg_catalog.pg_namespace.nspname != $7::VARCHAR (base.py:1840)
2025-09-05 14:58:01 [    INFO] [cached since 0.3967s ago] ('user_sessions', 'r', 'p', 'f', 'v', 'm', 'pg_catalog') (base.py:1840)
2025-09-05 14:58:01 [    INFO] SELECT pg_catalog.pg_class.relname 
FROM pg_catalog.pg_class JOIN pg_catalog.pg_namespace ON pg_catalog.pg_namespace.oid = pg_catalog.pg_class.relnamespace 
WHERE pg_catalog.pg_class.relname = $1::VARCHAR AND pg_catalog.pg_class.relkind = ANY (ARRAY[$2::VARCHAR, $3::VARCHAR, $4::VARCHAR, $5::VARCHAR, $6::VARCHAR]) AND pg_catalog.pg_table_is_visible(pg_catalog.pg_class.oid) AND pg_catalog.pg_namespace.nspname != $7::VARCHAR (base.py:1840)
2025-09-05 14:58:01 [    INFO] [cached since 0.3981s ago] ('user_profile_changes', 'r', 'p', 'f', 'v', 'm', 'pg_catalog') (base.py:1840)
2025-09-05 14:58:01 [    INFO] SELECT pg_catalog.pg_class.relname 
FROM pg_catalog.pg_class JOIN pg_catalog.pg_namespace ON pg_catalog.pg_namespace.oid = pg_catalog.pg_class.relnamespace 
WHERE pg_catalog.pg_class.relname = $1::VARCHAR AND pg_catalog.pg_class.relkind = ANY (ARRAY[$2::VARCHAR, $3::VARCHAR, $4::VARCHAR, $5::VARCHAR, $6::VARCHAR]) AND pg_catalog.pg_table_is_visible(pg_catalog.pg_class.oid) AND pg_catalog.pg_namespace.nspname != $7::VARCHAR (base.py:1840)
2025-09-05 14:58:01 [    INFO] [cached since 0.3995s ago] ('admin_users', 'r', 'p', 'f', 'v', 'm', 'pg_catalog') (base.py:1840)
2025-09-05 14:58:01 [    INFO] SELECT pg_catalog.pg_class.relname 
FROM pg_catalog.pg_class JOIN pg_catalog.pg_namespace ON pg_catalog.pg_namespace.oid = pg_catalog.pg_class.relnamespace 
WHERE pg_catalog.pg_class.relname = $1::VARCHAR AND pg_catalog.pg_class.relkind = ANY (ARRAY[$2::VARCHAR, $3::VARCHAR, $4::VARCHAR, $5::VARCHAR, $6::VARCHAR]) AND pg_catalog.pg_table_is_visible(pg_catalog.pg_class.oid) AND pg_catalog.pg_namespace.nspname != $7::VARCHAR (base.py:1840)
2025-09-05 14:58:01 [    INFO] [cached since 0.401s ago] ('admin_actions', 'r', 'p', 'f', 'v', 'm', 'pg_catalog') (base.py:1840)
2025-09-05 14:58:01 [    INFO] SELECT pg_catalog.pg_class.relname 
FROM pg_catalog.pg_class JOIN pg_catalog.pg_namespace ON pg_catalog.pg_namespace.oid = pg_catalog.pg_class.relnamespace 
WHERE pg_catalog.pg_class.relname = $1::VARCHAR AND pg_catalog.pg_class.relkind = ANY (ARRAY[$2::VARCHAR, $3::VARCHAR, $4::VARCHAR, $5::VARCHAR, $6::VARCHAR]) AND pg_catalog.pg_table_is_visible(pg_catalog.pg_class.oid) AND pg_catalog.pg_namespace.nspname != $7::VARCHAR (base.py:1840)
2025-09-05 14:58:01 [    INFO] [cached since 0.4025s ago] ('system_configs', 'r', 'p', 'f', 'v', 'm', 'pg_catalog') (base.py:1840)
2025-09-05 14:58:01 [    INFO] SELECT pg_catalog.pg_class.relname 
FROM pg_catalog.pg_class JOIN pg_catalog.pg_namespace ON pg_catalog.pg_namespace.oid = pg_catalog.pg_class.relnamespace 
WHERE pg_catalog.pg_class.relname = $1::VARCHAR AND pg_catalog.pg_class.relkind = ANY (ARRAY[$2::VARCHAR, $3::VARCHAR, $4::VARCHAR, $5::VARCHAR, $6::VARCHAR]) AND pg_catalog.pg_table_is_visible(pg_catalog.pg_class.oid) AND pg_catalog.pg_namespace.nspname != $7::VARCHAR (base.py:1840)
2025-09-05 14:58:01 [    INFO] [cached since 0.4043s ago] ('audit_logs', 'r', 'p', 'f', 'v', 'm', 'pg_catalog') (base.py:1840)
2025-09-05 14:58:01 [    INFO] SELECT pg_catalog.pg_class.relname 
FROM pg_catalog.pg_class JOIN pg_catalog.pg_namespace ON pg_catalog.pg_namespace.oid = pg_catalog.pg_class.relnamespace 
WHERE pg_catalog.pg_class.relname = $1::VARCHAR AND pg_catalog.pg_class.relkind = ANY (ARRAY[$2::VARCHAR, $3::VARCHAR, $4::VARCHAR, $5::VARCHAR, $6::VARCHAR]) AND pg_catalog.pg_table_is_visible(pg_catalog.pg_class.oid) AND pg_catalog.pg_namespace.nspname != $7::VARCHAR (base.py:1840)
2025-09-05 14:58:01 [    INFO] [cached since 0.4061s ago] ('support_tickets', 'r', 'p', 'f', 'v', 'm', 'pg_catalog') (base.py:1840)
2025-09-05 14:58:01 [    INFO] SELECT pg_catalog.pg_class.relname 
FROM pg_catalog.pg_class JOIN pg_catalog.pg_namespace ON pg_catalog.pg_namespace.oid = pg_catalog.pg_class.relnamespace 
WHERE pg_catalog.pg_class.relname = $1::VARCHAR AND pg_catalog.pg_class.relkind = ANY (ARRAY[$2::VARCHAR, $3::VARCHAR, $4::VARCHAR, $5::VARCHAR, $6::VARCHAR]) AND pg_catalog.pg_table_is_visible(pg_catalog.pg_class.oid) AND pg_catalog.pg_namespace.nspname != $7::VARCHAR (base.py:1840)
2025-09-05 14:58:01 [    INFO] [cached since 0.4075s ago] ('support_messages', 'r', 'p', 'f', 'v', 'm', 'pg_catalog') (base.py:1840)
2025-09-05 14:58:01 [    INFO] SELECT pg_catalog.pg_class.relname 
FROM pg_catalog.pg_class JOIN pg_catalog.pg_namespace ON pg_catalog.pg_namespace.oid = pg_catalog.pg_class.relnamespace 
WHERE pg_catalog.pg_class.relname = $1::VARCHAR AND pg_catalog.pg_class.relkind = ANY (ARRAY[$2::VARCHAR, $3::VARCHAR, $4::VARCHAR, $5::VARCHAR, $6::VARCHAR]) AND pg_catalog.pg_table_is_visible(pg_catalog.pg_class.oid) AND pg_catalog.pg_namespace.nspname != $7::VARCHAR (base.py:1840)
2025-09-05 14:58:01 [    INFO] [cached since 0.4093s ago] ('content_moderation', 'r', 'p', 'f', 'v', 'm', 'pg_catalog') (base.py:1840)
2025-09-05 14:58:01 [    INFO] SELECT pg_catalog.pg_class.relname 
FROM pg_catalog.pg_class JOIN pg_catalog.pg_namespace ON pg_catalog.pg_namespace.oid = pg_catalog.pg_class.relnamespace 
WHERE pg_catalog.pg_class.relname = $1::VARCHAR AND pg_catalog.pg_class.relkind = ANY (ARRAY[$2::VARCHAR, $3::VARCHAR, $4::VARCHAR, $5::VARCHAR, $6::VARCHAR]) AND pg_catalog.pg_table_is_visible(pg_catalog.pg_class.oid) AND pg_catalog.pg_namespace.nspname != $7::VARCHAR (base.py:1840)
2025-09-05 14:58:01 [    INFO] [cached since 0.4108s ago] ('system_metrics', 'r', 'p', 'f', 'v', 'm', 'pg_catalog') (base.py:1840)
2025-09-05 14:58:01 [    INFO] SELECT pg_catalog.pg_class.relname 
FROM pg_catalog.pg_class JOIN pg_catalog.pg_namespace ON pg_catalog.pg_namespace.oid = pg_catalog.pg_class.relnamespace 
WHERE pg_catalog.pg_class.relname = $1::VARCHAR AND pg_catalog.pg_class.relkind = ANY (ARRAY[$2::VARCHAR, $3::VARCHAR, $4::VARCHAR, $5::VARCHAR, $6::VARCHAR]) AND pg_catalog.pg_table_is_visible(pg_catalog.pg_class.oid) AND pg_catalog.pg_namespace.nspname != $7::VARCHAR (base.py:1840)
2025-09-05 14:58:01 [    INFO] [cached since 0.4124s ago] ('admin_dashboards', 'r', 'p', 'f', 'v', 'm', 'pg_catalog') (base.py:1840)
2025-09-05 14:58:01 [    INFO] SELECT pg_catalog.pg_class.relname 
FROM pg_catalog.pg_class JOIN pg_catalog.pg_namespace ON pg_catalog.pg_namespace.oid = pg_catalog.pg_class.relnamespace 
WHERE pg_catalog.pg_class.relname = $1::VARCHAR AND pg_catalog.pg_class.relkind = ANY (ARRAY[$2::VARCHAR, $3::VARCHAR, $4::VARCHAR, $5::VARCHAR, $6::VARCHAR]) AND pg_catalog.pg_table_is_visible(pg_catalog.pg_class.oid) AND pg_catalog.pg_namespace.nspname != $7::VARCHAR (base.py:1840)
2025-09-05 14:58:01 [    INFO] [cached since 0.4139s ago] ('admin_notifications', 'r', 'p', 'f', 'v', 'm', 'pg_catalog') (base.py:1840)
2025-09-05 14:58:01 [    INFO] SELECT pg_catalog.pg_class.relname 
FROM pg_catalog.pg_class JOIN pg_catalog.pg_namespace ON pg_catalog.pg_namespace.oid = pg_catalog.pg_class.relnamespace 
WHERE pg_catalog.pg_class.relname = $1::VARCHAR AND pg_catalog.pg_class.relkind = ANY (ARRAY[$2::VARCHAR, $3::VARCHAR, $4::VARCHAR, $5::VARCHAR, $6::VARCHAR]) AND pg_catalog.pg_table_is_visible(pg_catalog.pg_class.oid) AND pg_catalog.pg_namespace.nspname != $7::VARCHAR (base.py:1840)
2025-09-05 14:58:01 [    INFO] [cached since 0.4153s ago] ('ip_blocklist', 'r', 'p', 'f', 'v', 'm', 'pg_catalog') (base.py:1840)
2025-09-05 14:58:01 [    INFO] SELECT pg_catalog.pg_class.relname 
FROM pg_catalog.pg_class JOIN pg_catalog.pg_namespace ON pg_catalog.pg_namespace.oid = pg_catalog.pg_class.relnamespace 
WHERE pg_catalog.pg_class.relname = $1::VARCHAR AND pg_catalog.pg_class.relkind = ANY (ARRAY[$2::VARCHAR, $3::VARCHAR, $4::VARCHAR, $5::VARCHAR, $6::VARCHAR]) AND pg_catalog.pg_table_is_visible(pg_catalog.pg_class.oid) AND pg_catalog.pg_namespace.nspname != $7::VARCHAR (base.py:1840)
2025-09-05 14:58:01 [    INFO] [cached since 0.4168s ago] ('admin_reports', 'r', 'p', 'f', 'v', 'm', 'pg_catalog') (base.py:1840)
2025-09-05 14:58:01 [    INFO] SELECT pg_catalog.pg_class.relname 
FROM pg_catalog.pg_class JOIN pg_catalog.pg_namespace ON pg_catalog.pg_namespace.oid = pg_catalog.pg_class.relnamespace 
WHERE pg_catalog.pg_class.relname = $1::VARCHAR AND pg_catalog.pg_class.relkind = ANY (ARRAY[$2::VARCHAR, $3::VARCHAR, $4::VARCHAR, $5::VARCHAR, $6::VARCHAR]) AND pg_catalog.pg_table_is_visible(pg_catalog.pg_class.oid) AND pg_catalog.pg_namespace.nspname != $7::VARCHAR (base.py:1840)
2025-09-05 14:58:01 [    INFO] [cached since 0.4183s ago] ('payments', 'r', 'p', 'f', 'v', 'm', 'pg_catalog') (base.py:1840)
2025-09-05 14:58:01 [    INFO] SELECT pg_catalog.pg_class.relname 
FROM pg_catalog.pg_class JOIN pg_catalog.pg_namespace ON pg_catalog.pg_namespace.oid = pg_catalog.pg_class.relnamespace 
WHERE pg_catalog.pg_class.relname = $1::VARCHAR AND pg_catalog.pg_class.relkind = ANY (ARRAY[$2::VARCHAR, $3::VARCHAR, $4::VARCHAR, $5::VARCHAR, $6::VARCHAR]) AND pg_catalog.pg_table_is_visible(pg_catalog.pg_class.oid) AND pg_catalog.pg_namespace.nspname != $7::VARCHAR (base.py:1840)
2025-09-05 14:58:01 [    INFO] [cached since 0.4197s ago] ('payment_refunds', 'r', 'p', 'f', 'v', 'm', 'pg_catalog') (base.py:1840)
2025-09-05 14:58:01 [    INFO] SELECT pg_catalog.pg_class.relname 
FROM pg_catalog.pg_class JOIN pg_catalog.pg_namespace ON pg_catalog.pg_namespace.oid = pg_catalog.pg_class.relnamespace 
WHERE pg_catalog.pg_class.relname = $1::VARCHAR AND pg_catalog.pg_class.relkind = ANY (ARRAY[$2::VARCHAR, $3::VARCHAR, $4::VARCHAR, $5::VARCHAR, $6::VARCHAR]) AND pg_catalog.pg_table_is_visible(pg_catalog.pg_class.oid) AND pg_catalog.pg_namespace.nspname != $7::VARCHAR (base.py:1840)
2025-09-05 14:58:01 [    INFO] [cached since 0.4221s ago] ('payment_webhooks', 'r', 'p', 'f', 'v', 'm', 'pg_catalog') (base.py:1840)
2025-09-05 14:58:01 [    INFO] SELECT pg_catalog.pg_class.relname 
FROM pg_catalog.pg_class JOIN pg_catalog.pg_namespace ON pg_catalog.pg_namespace.oid = pg_catalog.pg_class.relnamespace 
WHERE pg_catalog.pg_class.relname = $1::VARCHAR AND pg_catalog.pg_class.relkind = ANY (ARRAY[$2::VARCHAR, $3::VARCHAR, $4::VARCHAR, $5::VARCHAR, $6::VARCHAR]) AND pg_catalog.pg_table_is_visible(pg_catalog.pg_class.oid) AND pg_catalog.pg_namespace.nspname != $7::VARCHAR (base.py:1840)
2025-09-05 14:58:01 [    INFO] [cached since 0.4238s ago] ('withdrawal_requests', 'r', 'p', 'f', 'v', 'm', 'pg_catalog') (base.py:1840)
2025-09-05 14:58:01 [    INFO] SELECT pg_catalog.pg_class.relname 
FROM pg_catalog.pg_class JOIN pg_catalog.pg_namespace ON pg_catalog.pg_namespace.oid = pg_catalog.pg_class.relnamespace 
WHERE pg_catalog.pg_class.relname = $1::VARCHAR AND pg_catalog.pg_class.relkind = ANY (ARRAY[$2::VARCHAR, $3::VARCHAR, $4::VARCHAR, $5::VARCHAR, $6::VARCHAR]) AND pg_catalog.pg_table_is_visible(pg_catalog.pg_class.oid) AND pg_catalog.pg_namespace.nspname != $7::VARCHAR (base.py:1840)
2025-09-05 14:58:01 [    INFO] [cached since 0.4257s ago] ('sellers', 'r', 'p', 'f', 'v', 'm', 'pg_catalog') (base.py:1840)
2025-09-05 14:58:01 [    INFO] SELECT pg_catalog.pg_class.relname 
FROM pg_catalog.pg_class JOIN pg_catalog.pg_namespace ON pg_catalog.pg_namespace.oid = pg_catalog.pg_class.relnamespace 
WHERE pg_catalog.pg_class.relname = $1::VARCHAR AND pg_catalog.pg_class.relkind = ANY (ARRAY[$2::VARCHAR, $3::VARCHAR, $4::VARCHAR, $5::VARCHAR, $6::VARCHAR]) AND pg_catalog.pg_table_is_visible(pg_catalog.pg_class.oid) AND pg_catalog.pg_namespace.nspname != $7::VARCHAR (base.py:1840)
2025-09-05 14:58:01 [    INFO] [cached since 0.4275s ago] ('orders', 'r', 'p', 'f', 'v', 'm', 'pg_catalog') (base.py:1840)
2025-09-05 14:58:01 [    INFO] SELECT pg_catalog.pg_class.relname 
FROM pg_catalog.pg_class JOIN pg_catalog.pg_namespace ON pg_catalog.pg_namespace.oid = pg_catalog.pg_class.relnamespace 
WHERE pg_catalog.pg_class.relname = $1::VARCHAR AND pg_catalog.pg_class.relkind = ANY (ARRAY[$2::VARCHAR, $3::VARCHAR, $4::VARCHAR, $5::VARCHAR, $6::VARCHAR]) AND pg_catalog.pg_table_is_visible(pg_catalog.pg_class.oid) AND pg_catalog.pg_namespace.nspname != $7::VARCHAR (base.py:1840)
2025-09-05 14:58:01 [    INFO] [cached since 0.4291s ago] ('ads', 'r', 'p', 'f', 'v', 'm', 'pg_catalog') (base.py:1840)
2025-09-05 14:58:01 [    INFO] SELECT pg_catalog.pg_class.relname 
FROM pg_catalog.pg_class JOIN pg_catalog.pg_namespace ON pg_catalog.pg_namespace.oid = pg_catalog.pg_class.relnamespace 
WHERE pg_catalog.pg_class.relname = $1::VARCHAR AND pg_catalog.pg_class.relkind = ANY (ARRAY[$2::VARCHAR, $3::VARCHAR, $4::VARCHAR, $5::VARCHAR, $6::VARCHAR]) AND pg_catalog.pg_table_is_visible(pg_catalog.pg_class.oid) AND pg_catalog.pg_namespace.nspname != $7::VARCHAR (base.py:1840)
2025-09-05 14:58:01 [    INFO] [cached since 0.4304s ago] ('ad_campaigns', 'r', 'p', 'f', 'v', 'm', 'pg_catalog') (base.py:1840)
2025-09-05 14:58:01 [    INFO] SELECT pg_catalog.pg_class.relname 
FROM pg_catalog.pg_class JOIN pg_catalog.pg_namespace ON pg_catalog.pg_namespace.oid = pg_catalog.pg_class.relnamespace 
WHERE pg_catalog.pg_class.relname = $1::VARCHAR AND pg_catalog.pg_class.relkind = ANY (ARRAY[$2::VARCHAR, $3::VARCHAR, $4::VARCHAR, $5::VARCHAR, $6::VARCHAR]) AND pg_catalog.pg_table_is_visible(pg_catalog.pg_class.oid) AND pg_catalog.pg_namespace.nspname != $7::VARCHAR (base.py:1840)
2025-09-05 14:58:01 [    INFO] [cached since 0.4318s ago] ('ad_impressions', 'r', 'p', 'f', 'v', 'm', 'pg_catalog') (base.py:1840)
2025-09-05 14:58:01 [    INFO] SELECT pg_catalog.pg_class.relname 
FROM pg_catalog.pg_class JOIN pg_catalog.pg_namespace ON pg_catalog.pg_namespace.oid = pg_catalog.pg_class.relnamespace 
WHERE pg_catalog.pg_class.relname = $1::VARCHAR AND pg_catalog.pg_class.relkind = ANY (ARRAY[$2::VARCHAR, $3::VARCHAR, $4::VARCHAR, $5::VARCHAR, $6::VARCHAR]) AND pg_catalog.pg_table_is_visible(pg_catalog.pg_class.oid) AND pg_catalog.pg_namespace.nspname != $7::VARCHAR (base.py:1840)
2025-09-05 14:58:01 [    INFO] [cached since 0.4335s ago] ('ad_clicks', 'r', 'p', 'f', 'v', 'm', 'pg_catalog') (base.py:1840)
2025-09-05 14:58:01 [    INFO] SELECT pg_catalog.pg_class.relname 
FROM pg_catalog.pg_class JOIN pg_catalog.pg_namespace ON pg_catalog.pg_namespace.oid = pg_catalog.pg_class.relnamespace 
WHERE pg_catalog.pg_class.relname = $1::VARCHAR AND pg_catalog.pg_class.relkind = ANY (ARRAY[$2::VARCHAR, $3::VARCHAR, $4::VARCHAR, $5::VARCHAR, $6::VARCHAR]) AND pg_catalog.pg_table_is_visible(pg_catalog.pg_class.oid) AND pg_catalog.pg_namespace.nspname != $7::VARCHAR (base.py:1840)
2025-09-05 14:58:01 [    INFO] [cached since 0.4347s ago] ('ad_conversions', 'r', 'p', 'f', 'v', 'm', 'pg_catalog') (base.py:1840)
2025-09-05 14:58:01 [    INFO] SELECT pg_catalog.pg_class.relname 
FROM pg_catalog.pg_class JOIN pg_catalog.pg_namespace ON pg_catalog.pg_namespace.oid = pg_catalog.pg_class.relnamespace 
WHERE pg_catalog.pg_class.relname = $1::VARCHAR AND pg_catalog.pg_class.relkind = ANY (ARRAY[$2::VARCHAR, $3::VARCHAR, $4::VARCHAR, $5::VARCHAR, $6::VARCHAR]) AND pg_catalog.pg_table_is_visible(pg_catalog.pg_class.oid) AND pg_catalog.pg_namespace.nspname != $7::VARCHAR (base.py:1840)
2025-09-05 14:58:01 [    INFO] [cached since 0.436s ago] ('ad_bids', 'r', 'p', 'f', 'v', 'm', 'pg_catalog') (base.py:1840)
2025-09-05 14:58:01 [    INFO] SELECT pg_catalog.pg_class.relname 
FROM pg_catalog.pg_class JOIN pg_catalog.pg_namespace ON pg_catalog.pg_namespace.oid = pg_catalog.pg_class.relnamespace 
WHERE pg_catalog.pg_class.relname = $1::VARCHAR AND pg_catalog.pg_class.relkind = ANY (ARRAY[$2::VARCHAR, $3::VARCHAR, $4::VARCHAR, $5::VARCHAR, $6::VARCHAR]) AND pg_catalog.pg_table_is_visible(pg_catalog.pg_class.oid) AND pg_catalog.pg_namespace.nspname != $7::VARCHAR (base.py:1840)
2025-09-05 14:58:01 [    INFO] [cached since 0.4379s ago] ('ad_spaces', 'r', 'p', 'f', 'v', 'm', 'pg_catalog') (base.py:1840)
2025-09-05 14:58:01 [    INFO] SELECT pg_catalog.pg_class.relname 
FROM pg_catalog.pg_class JOIN pg_catalog.pg_namespace ON pg_catalog.pg_namespace.oid = pg_catalog.pg_class.relnamespace 
WHERE pg_catalog.pg_class.relname = $1::VARCHAR AND pg_catalog.pg_class.relkind = ANY (ARRAY[$2::VARCHAR, $3::VARCHAR, $4::VARCHAR, $5::VARCHAR, $6::VARCHAR]) AND pg_catalog.pg_table_is_visible(pg_catalog.pg_class.oid) AND pg_catalog.pg_namespace.nspname != $7::VARCHAR (base.py:1840)
2025-09-05 14:58:01 [    INFO] [cached since 0.4391s ago] ('ad_blocklist', 'r', 'p', 'f', 'v', 'm', 'pg_catalog') (base.py:1840)
2025-09-05 14:58:01 [    INFO] SELECT pg_catalog.pg_class.relname 
FROM pg_catalog.pg_class JOIN pg_catalog.pg_namespace ON pg_catalog.pg_namespace.oid = pg_catalog.pg_class.relnamespace 
WHERE pg_catalog.pg_class.relname = $1::VARCHAR AND pg_catalog.pg_class.relkind = ANY (ARRAY[$2::VARCHAR, $3::VARCHAR, $4::VARCHAR, $5::VARCHAR, $6::VARCHAR]) AND pg_catalog.pg_table_is_visible(pg_catalog.pg_class.oid) AND pg_catalog.pg_namespace.nspname != $7::VARCHAR (base.py:1840)
2025-09-05 14:58:01 [    INFO] [cached since 0.4405s ago] ('ad_analytics', 'r', 'p', 'f', 'v', 'm', 'pg_catalog') (base.py:1840)
2025-09-05 14:58:01 [    INFO] SELECT pg_catalog.pg_class.relname 
FROM pg_catalog.pg_class JOIN pg_catalog.pg_namespace ON pg_catalog.pg_namespace.oid = pg_catalog.pg_class.relnamespace 
WHERE pg_catalog.pg_class.relname = $1::VARCHAR AND pg_catalog.pg_class.relkind = ANY (ARRAY[$2::VARCHAR, $3::VARCHAR, $4::VARCHAR, $5::VARCHAR, $6::VARCHAR]) AND pg_catalog.pg_table_is_visible(pg_catalog.pg_class.oid) AND pg_catalog.pg_namespace.nspname != $7::VARCHAR (base.py:1840)
2025-09-05 14:58:01 [    INFO] [cached since 0.4419s ago] ('ai_tasks', 'r', 'p', 'f', 'v', 'm', 'pg_catalog') (base.py:1840)
2025-09-05 14:58:01 [    INFO] SELECT pg_catalog.pg_class.relname 
FROM pg_catalog.pg_class JOIN pg_catalog.pg_namespace ON pg_catalog.pg_namespace.oid = pg_catalog.pg_class.relnamespace 
WHERE pg_catalog.pg_class.relname = $1::VARCHAR AND pg_catalog.pg_class.relkind = ANY (ARRAY[$2::VARCHAR, $3::VARCHAR, $4::VARCHAR, $5::VARCHAR, $6::VARCHAR]) AND pg_catalog.pg_table_is_visible(pg_catalog.pg_class.oid) AND pg_catalog.pg_namespace.nspname != $7::VARCHAR (base.py:1840)
2025-09-05 14:58:01 [    INFO] [cached since 0.4435s ago] ('carts', 'r', 'p', 'f', 'v', 'm', 'pg_catalog') (base.py:1840)
2025-09-05 14:58:01 [    INFO] SELECT pg_catalog.pg_class.relname 
FROM pg_catalog.pg_class JOIN pg_catalog.pg_namespace ON pg_catalog.pg_namespace.oid = pg_catalog.pg_class.relnamespace 
WHERE pg_catalog.pg_class.relname = $1::VARCHAR AND pg_catalog.pg_class.relkind = ANY (ARRAY[$2::VARCHAR, $3::VARCHAR, $4::VARCHAR, $5::VARCHAR, $6::VARCHAR]) AND pg_catalog.pg_table_is_visible(pg_catalog.pg_class.oid) AND pg_catalog.pg_namespace.nspname != $7::VARCHAR (base.py:1840)
2025-09-05 14:58:01 [    INFO] [cached since 0.4451s ago] ('cart_items', 'r', 'p', 'f', 'v', 'm', 'pg_catalog') (base.py:1840)
2025-09-05 14:58:01 [    INFO] SELECT pg_catalog.pg_class.relname 
FROM pg_catalog.pg_class JOIN pg_catalog.pg_namespace ON pg_catalog.pg_namespace.oid = pg_catalog.pg_class.relnamespace 
WHERE pg_catalog.pg_class.relname = $1::VARCHAR AND pg_catalog.pg_class.relkind = ANY (ARRAY[$2::VARCHAR, $3::VARCHAR, $4::VARCHAR, $5::VARCHAR, $6::VARCHAR]) AND pg_catalog.pg_table_is_visible(pg_catalog.pg_class.oid) AND pg_catalog.pg_namespace.nspname != $7::VARCHAR (base.py:1840)
2025-09-05 14:58:01 [    INFO] [cached since 0.4466s ago] ('cms_pages', 'r', 'p', 'f', 'v', 'm', 'pg_catalog') (base.py:1840)
2025-09-05 14:58:01 [    INFO] SELECT pg_catalog.pg_class.relname 
FROM pg_catalog.pg_class JOIN pg_catalog.pg_namespace ON pg_catalog.pg_namespace.oid = pg_catalog.pg_class.relnamespace 
WHERE pg_catalog.pg_class.relname = $1::VARCHAR AND pg_catalog.pg_class.relkind = ANY (ARRAY[$2::VARCHAR, $3::VARCHAR, $4::VARCHAR, $5::VARCHAR, $6::VARCHAR]) AND pg_catalog.pg_table_is_visible(pg_catalog.pg_class.oid) AND pg_catalog.pg_namespace.nspname != $7::VARCHAR (base.py:1840)
2025-09-05 14:58:01 [    INFO] [cached since 0.4479s ago] ('banned_items', 'r', 'p', 'f', 'v', 'm', 'pg_catalog') (base.py:1840)
2025-09-05 14:58:01 [    INFO] SELECT pg_catalog.pg_class.relname 
FROM pg_catalog.pg_class JOIN pg_catalog.pg_namespace ON pg_catalog.pg_namespace.oid = pg_catalog.pg_class.relnamespace 
WHERE pg_catalog.pg_class.relname = $1::VARCHAR AND pg_catalog.pg_class.relkind = ANY (ARRAY[$2::VARCHAR, $3::VARCHAR, $4::VARCHAR, $5::VARCHAR, $6::VARCHAR]) AND pg_catalog.pg_table_is_visible(pg_catalog.pg_class.oid) AND pg_catalog.pg_namespace.nspname != $7::VARCHAR (base.py:1840)
2025-09-05 14:58:01 [    INFO] [cached since 0.4494s ago] ('compliance_audit_logs', 'r', 'p', 'f', 'v', 'm', 'pg_catalog') (base.py:1840)
2025-09-05 14:58:01 [    INFO] SELECT pg_catalog.pg_type.typname 
FROM pg_catalog.pg_type JOIN pg_catalog.pg_namespace ON pg_catalog.pg_namespace.oid = pg_catalog.pg_type.typnamespace 
WHERE pg_catalog.pg_type.typname = $1::VARCHAR AND pg_catalog.pg_type_is_visible(pg_catalog.pg_type.oid) AND pg_catalog.pg_namespace.nspname != $2::VARCHAR (base.py:1840)
2025-09-05 14:58:01 [    INFO] [cached since 0.3918s ago] ('adminrole', 'pg_catalog') (base.py:1840)
2025-09-05 14:58:01 [    INFO] SELECT pg_catalog.pg_type.typname 
FROM pg_catalog.pg_type JOIN pg_catalog.pg_namespace ON pg_catalog.pg_namespace.oid = pg_catalog.pg_type.typnamespace 
WHERE pg_catalog.pg_type.typname = $1::VARCHAR AND pg_catalog.pg_type_is_visible(pg_catalog.pg_type.oid) AND pg_catalog.pg_namespace.nspname != $2::VARCHAR (base.py:1840)
2025-09-05 14:58:01 [    INFO] [cached since 0.3942s ago] ('adminactiontype', 'pg_catalog') (base.py:1840)
2025-09-05 14:58:01 [    INFO] SELECT pg_catalog.pg_type.typname 
FROM pg_catalog.pg_type JOIN pg_catalog.pg_namespace ON pg_catalog.pg_namespace.oid = pg_catalog.pg_type.typnamespace 
WHERE pg_catalog.pg_type.typname = $1::VARCHAR AND pg_catalog.pg_type_is_visible(pg_catalog.pg_type.oid) AND pg_catalog.pg_namespace.nspname != $2::VARCHAR (base.py:1840)
2025-09-05 14:58:01 [    INFO] [cached since 0.3961s ago] ('adminactionstatus', 'pg_catalog') (base.py:1840)
2025-09-05 14:58:01 [    INFO] SELECT pg_catalog.pg_type.typname 
FROM pg_catalog.pg_type JOIN pg_catalog.pg_namespace ON pg_catalog.pg_namespace.oid = pg_catalog.pg_type.typnamespace 
WHERE pg_catalog.pg_type.typname = $1::VARCHAR AND pg_catalog.pg_type_is_visible(pg_catalog.pg_type.oid) AND pg_catalog.pg_namespace.nspname != $2::VARCHAR (base.py:1840)
2025-09-05 14:58:01 [    INFO] [cached since 0.3981s ago] ('paymentstatus', 'pg_catalog') (base.py:1840)
2025-09-05 14:58:01 [    INFO] SELECT pg_catalog.pg_type.typname 
FROM pg_catalog.pg_type JOIN pg_catalog.pg_namespace ON pg_catalog.pg_namespace.oid = pg_catalog.pg_type.typnamespace 
WHERE pg_catalog.pg_type.typname = $1::VARCHAR AND pg_catalog.pg_type_is_visible(pg_catalog.pg_type.oid) AND pg_catalog.pg_namespace.nspname != $2::VARCHAR (base.py:1840)
2025-09-05 14:58:01 [    INFO] [cached since 0.4s ago] ('paymentmethod', 'pg_catalog') (base.py:1840)
2025-09-05 14:58:01 [    INFO] SELECT pg_catalog.pg_type.typname 
FROM pg_catalog.pg_type JOIN pg_catalog.pg_namespace ON pg_catalog.pg_namespace.oid = pg_catalog.pg_type.typnamespace 
WHERE pg_catalog.pg_type.typname = $1::VARCHAR AND pg_catalog.pg_type_is_visible(pg_catalog.pg_type.oid) AND pg_catalog.pg_namespace.nspname != $2::VARCHAR (base.py:1840)
2025-09-05 14:58:01 [    INFO] [cached since 0.4017s ago] ('paymenttype', 'pg_catalog') (base.py:1840)
2025-09-05 14:58:01 [    INFO] SELECT pg_catalog.pg_type.typname 
FROM pg_catalog.pg_type JOIN pg_catalog.pg_namespace ON pg_catalog.pg_namespace.oid = pg_catalog.pg_type.typnamespace 
WHERE pg_catalog.pg_type.typname = $1::VARCHAR AND pg_catalog.pg_type_is_visible(pg_catalog.pg_type.oid) AND pg_catalog.pg_namespace.nspname != $2::VARCHAR (base.py:1840)
2025-09-05 14:58:01 [    INFO] [cached since 0.4034s ago] ('orderstatus', 'pg_catalog') (base.py:1840)
2025-09-05 14:58:01 [    INFO] SELECT pg_catalog.pg_type.typname 
FROM pg_catalog.pg_type JOIN pg_catalog.pg_namespace ON pg_catalog.pg_namespace.oid = pg_catalog.pg_type.typnamespace 
WHERE pg_catalog.pg_type.typname = $1::VARCHAR AND pg_catalog.pg_type_is_visible(pg_catalog.pg_type.oid) AND pg_catalog.pg_namespace.nspname != $2::VARCHAR (base.py:1840)
2025-09-05 14:58:01 [    INFO] [cached since 0.4052s ago] ('adtype', 'pg_catalog') (base.py:1840)
2025-09-05 14:58:01 [    INFO] SELECT pg_catalog.pg_type.typname 
FROM pg_catalog.pg_type JOIN pg_catalog.pg_namespace ON pg_catalog.pg_namespace.oid = pg_catalog.pg_type.typnamespace 
WHERE pg_catalog.pg_type.typname = $1::VARCHAR AND pg_catalog.pg_type_is_visible(pg_catalog.pg_type.oid) AND pg_catalog.pg_namespace.nspname != $2::VARCHAR (base.py:1840)
2025-09-05 14:58:01 [    INFO] [cached since 0.4069s ago] ('adstatus', 'pg_catalog') (base.py:1840)
2025-09-05 14:58:01 [    INFO] SELECT pg_catalog.pg_type.typname 
FROM pg_catalog.pg_type JOIN pg_catalog.pg_namespace ON pg_catalog.pg_namespace.oid = pg_catalog.pg_type.typnamespace 
WHERE pg_catalog.pg_type.typname = $1::VARCHAR AND pg_catalog.pg_type_is_visible(pg_catalog.pg_type.oid) AND pg_catalog.pg_namespace.nspname != $2::VARCHAR (base.py:1840)
2025-09-05 14:58:01 [    INFO] [cached since 0.409s ago] ('biddingtype', 'pg_catalog') (base.py:1840)
2025-09-05 14:58:01 [    INFO] COMMIT (base.py:2702)
2025-09-05 14:58:01 [    INFO] BEGIN (implicit) (base.py:2696)
2025-09-05 14:58:01 [    INFO] SELECT pg_catalog.pg_class.relname 
FROM pg_catalog.pg_class JOIN pg_catalog.pg_namespace ON pg_catalog.pg_namespace.oid = pg_catalog.pg_class.relnamespace 
WHERE pg_catalog.pg_class.relname = $1::VARCHAR AND pg_catalog.pg_class.relkind = ANY (ARRAY[$2::VARCHAR, $3::VARCHAR, $4::VARCHAR, $5::VARCHAR, $6::VARCHAR]) AND pg_catalog.pg_table_is_visible(pg_catalog.pg_class.oid) AND pg_catalog.pg_namespace.nspname != $7::VARCHAR (base.py:1840)
2025-09-05 14:58:01 [    INFO] [cached since 0.5195s ago] ('users', 'r', 'p', 'f', 'v', 'm', 'pg_catalog') (base.py:1840)
2025-09-05 14:58:01 [    INFO] SELECT pg_catalog.pg_class.relname 
FROM pg_catalog.pg_class JOIN pg_catalog.pg_namespace ON pg_catalog.pg_namespace.oid = pg_catalog.pg_class.relnamespace 
WHERE pg_catalog.pg_class.relname = $1::VARCHAR AND pg_catalog.pg_class.relkind = ANY (ARRAY[$2::VARCHAR, $3::VARCHAR, $4::VARCHAR, $5::VARCHAR, $6::VARCHAR]) AND pg_catalog.pg_table_is_visible(pg_catalog.pg_class.oid) AND pg_catalog.pg_namespace.nspname != $7::VARCHAR (base.py:1840)
2025-09-05 14:58:01 [    INFO] [cached since 0.5216s ago] ('auth_tokens', 'r', 'p', 'f', 'v', 'm', 'pg_catalog') (base.py:1840)
2025-09-05 14:58:01 [    INFO] SELECT pg_catalog.pg_class.relname 
FROM pg_catalog.pg_class JOIN pg_catalog.pg_namespace ON pg_catalog.pg_namespace.oid = pg_catalog.pg_class.relnamespace 
WHERE pg_catalog.pg_class.relname = $1::VARCHAR AND pg_catalog.pg_class.relkind = ANY (ARRAY[$2::VARCHAR, $3::VARCHAR, $4::VARCHAR, $5::VARCHAR, $6::VARCHAR]) AND pg_catalog.pg_table_is_visible(pg_catalog.pg_class.oid) AND pg_catalog.pg_namespace.nspname != $7::VARCHAR (base.py:1840)
2025-09-05 14:58:01 [    INFO] [cached since 0.5231s ago] ('user_sessions', 'r', 'p', 'f', 'v', 'm', 'pg_catalog') (base.py:1840)
2025-09-05 14:58:01 [    INFO] SELECT pg_catalog.pg_class.relname 
FROM pg_catalog.pg_class JOIN pg_catalog.pg_namespace ON pg_catalog.pg_namespace.oid = pg_catalog.pg_class.relnamespace 
[...]

C:\b2b-marketplace\tests\plugins\full_plugins_test.py:45: Failed
----------------------------- Captured stdout call -----------------------------
2025-09-05 14:58:06,267 INFO sqlalchemy.engine.Engine BEGIN (implicit)
2025-09-05 14:58:06,268 INFO sqlalchemy.engine.Engine SELECT pg_catalog.pg_class.relname 
FROM pg_catalog.pg_class JOIN pg_catalog.pg_namespace ON pg_catalog.pg_namespace.oid = pg_catalog.pg_class.relnamespace 
WHERE pg_catalog.pg_class.relname = $1::VARCHAR AND pg_catalog.pg_class.relkind = ANY (ARRAY[$2::VARCHAR, $3::VARCHAR, $4::VARCHAR, $5::VARCHAR, $6::VARCHAR]) AND pg_catalog.pg_table_is_visible(pg_catalog.pg_class.oid) AND pg_catalog.pg_namespace.nspname != $7::VARCHAR
2025-09-05 14:58:06,268 INFO sqlalchemy.engine.Engine [cached since 5.129s ago] ('users', 'r', 'p', 'f', 'v', 'm', 'pg_catalog')
2025-09-05 14:58:06,269 INFO sqlalchemy.engine.Engine ROLLBACK
----------------------------- Captured stderr call -----------------------------
INFO:sqlalchemy.engine.Engine:BEGIN (implicit)
INFO:sqlalchemy.engine.Engine:SELECT pg_catalog.pg_class.relname 
FROM pg_catalog.pg_class JOIN pg_catalog.pg_namespace ON pg_catalog.pg_namespace.oid = pg_catalog.pg_class.relnamespace 
WHERE pg_catalog.pg_class.relname = $1::VARCHAR AND pg_catalog.pg_class.relkind = ANY (ARRAY[$2::VARCHAR, $3::VARCHAR, $4::VARCHAR, $5::VARCHAR, $6::VARCHAR]) AND pg_catalog.pg_table_is_visible(pg_catalog.pg_class.oid) AND pg_catalog.pg_namespace.nspname != $7::VARCHAR
INFO:sqlalchemy.engine.Engine:[cached since 5.129s ago] ('users', 'r', 'p', 'f', 'v', 'm', 'pg_catalog')
INFO:sqlalchemy.engine.Engine:ROLLBACK
------------------------------ Captured log call -------------------------------
INFO     sqlalchemy.engine.Engine:base.py:2696 BEGIN (implicit)
INFO     sqlalchemy.engine.Engine:base.py:1840 SELECT pg_catalog.pg_class.relname 
FROM pg_catalog.pg_class JOIN pg_catalog.pg_namespace ON pg_catalog.pg_namespace.oid = pg_catalog.pg_class.relnamespace 
WHERE pg_catalog.pg_class.relname = $1::VARCHAR AND pg_catalog.pg_class.relkind = ANY (ARRAY[$2::VARCHAR, $3::VARCHAR, $4::VARCHAR, $5::VARCHAR, $6::VARCHAR]) AND pg_catalog.pg_table_is_visible(pg_catalog.pg_class.oid) AND pg_catalog.pg_namespace.nspname != $7::VARCHAR
INFO     sqlalchemy.engine.Engine:base.py:1840 [cached since 5.129s ago] ('users', 'r', 'p', 'f', 'v', 'm', 'pg_catalog')
INFO     sqlalchemy.engine.Engine:base.py:2699 ROLLBACK
=============================== warnings summary ===============================
../usr/local/lib/python3.11/site-packages/pydantic/_internal/_config.py:323: 1 warning
tests/plugins/full_plugins_test.py: 66 warnings
  /usr/local/lib/python3.11/site-packages/pydantic/_internal/_config.py:323: PydanticDeprecatedSince20: Support for class-based `config` is deprecated, use ConfigDict instead. Deprecated in Pydantic V2.0 to be removed in V3.0. See Pydantic V2 Migration Guide at https://errors.pydantic.dev/2.11/migration/
    warnings.warn(DEPRECATION_MESSAGE, DeprecationWarning)

tests/plugins/full_plugins_test.py::test_plugins_loaded
  /usr/local/lib/python3.11/site-packages/passlib/utils/__init__.py:854: DeprecationWarning: 'crypt' is deprecated and slated for removal in Python 3.13
    from crypt import crypt as _crypt

tests/plugins/full_plugins_test.py::test_plugins_loaded
  /code/plugins/user/routes.py:93: DeprecationWarning: `regex` has been deprecated, please use `pattern` instead
    sort_dir: str = Query("asc", regex="^(asc|desc)$"),

tests/plugins/full_plugins_test.py::test_plugins_loaded
  /code/plugins/admin/routes.py:726: DeprecationWarning: `regex` has been deprecated, please use `pattern` instead
    search_type: str = Query(..., regex="^(users|products|orders|payments|tickets)$"),

tests/plugins/full_plugins_test.py::test_plugins_loaded
  /code/plugins/advanced-features/__init__.py:39: DeprecationWarning: 
          on_event is deprecated, use lifespan event handlers instead.
  
          Read more about it in the
          [FastAPI docs for Lifespan Events](https://fastapi.tiangolo.com/advanced/events/).
          
    @app.on_event("startup")

tests/plugins/full_plugins_test.py: 32 warnings
  /usr/local/lib/python3.11/site-packages/fastapi/applications.py:4495: DeprecationWarning: 
          on_event is deprecated, use lifespan event handlers instead.
  
          Read more about it in the
          [FastAPI docs for Lifespan Events](https://fastapi.tiangolo.com/advanced/events/).
          
    return self.router.on_event(event_type)

tests/plugins/full_plugins_test.py::test_plugins_loaded
  /code/plugins/advanced-features/__init__.py:43: DeprecationWarning: 
          on_event is deprecated, use lifespan event handlers instead.
  
          Read more about it in the
          [FastAPI docs for Lifespan Events](https://fastapi.tiangolo.com/advanced/events/).
          
    @app.on_event("shutdown")

tests/plugins/full_plugins_test.py::test_plugins_loaded
  /code/plugins/cart/__init__.py:38: DeprecationWarning: 
          on_event is deprecated, use lifespan event handlers instead.
  
          Read more about it in the
          [FastAPI docs for Lifespan Events](https://fastapi.tiangolo.com/advanced/events/).
          
    @app.on_event("startup")

tests/plugins/full_plugins_test.py::test_plugins_loaded
  /code/plugins/cart/__init__.py:42: DeprecationWarning: 
          on_event is deprecated, use lifespan event handlers instead.
  
          Read more about it in the
          [FastAPI docs for Lifespan Events](https://fastapi.tiangolo.com/advanced/events/).
          
    @app.on_event("shutdown")

tests/plugins/full_plugins_test.py::test_plugins_loaded
  /code/plugins/gamification/__init__.py:50: DeprecationWarning: 
          on_event is deprecated, use lifespan event handlers instead.
  
          Read more about it in the
          [FastAPI docs for Lifespan Events](https://fastapi.tiangolo.com/advanced/events/).
          
    @app.on_event("startup")

tests/plugins/full_plugins_test.py::test_plugins_loaded
  /code/plugins/gamification/__init__.py:54: DeprecationWarning: 
          on_event is deprecated, use lifespan event handlers instead.
  
          Read more about it in the
          [FastAPI docs for Lifespan Events](https://fastapi.tiangolo.com/advanced/events/).
          
    @app.on_event("shutdown")

tests/plugins/full_plugins_test.py::test_plugins_loaded
tests/plugins/full_plugins_test.py::test_plugins_loaded
tests/plugins/full_plugins_test.py::test_plugins_loaded
tests/plugins/full_plugins_test.py::test_plugins_loaded
tests/plugins/full_plugins_test.py::test_plugins_loaded
tests/plugins/full_plugins_test.py::test_plugins_loaded
tests/plugins/full_plugins_test.py::test_plugins_loaded
tests/plugins/full_plugins_test.py::test_plugins_loaded
  /usr/local/lib/python3.11/site-packages/pydantic/fields.py:1068: PydanticDeprecatedSince20: `max_items` is deprecated and will be removed, use `max_length` instead. Deprecated in Pydantic V2.0 to be removed in V3.0. See Pydantic V2 Migration Guide at https://errors.pydantic.dev/2.11/migration/
    warn('`max_items` is deprecated and will be removed, use `max_length` instead', DeprecationWarning)

tests/plugins/full_plugins_test.py::test_plugins_loaded
  /code/plugins/auth/schemas.py:135: PydanticDeprecatedSince20: Pydantic V1 style `@validator` validators are deprecated. You should migrate to Pydantic V2 style `@field_validator` validators, see the migration guide for more details. Deprecated in Pydantic V2.0 to be removed in V3.0. See Pydantic V2 Migration Guide at https://errors.pydantic.dev/2.11/migration/
    @validator('business_phones')

tests/plugins/full_plugins_test.py::test_plugins_loaded
  /code/plugins/auth/schemas.py:143: PydanticDeprecatedSince20: Pydantic V1 style `@validator` validators are deprecated. You should migrate to Pydantic V2 style `@field_validator` validators, see the migration guide for more details. Deprecated in Pydantic V2.0 to be removed in V3.0. See Pydantic V2 Migration Guide at https://errors.pydantic.dev/2.11/migration/
    @validator('business_emails')

tests/plugins/full_plugins_test.py::test_plugins_loaded
tests/plugins/full_plugins_test.py::test_plugins_loaded
tests/plugins/full_plugins_test.py::test_plugins_loaded
tests/plugins/full_plugins_test.py::test_plugins_loaded
  /usr/local/lib/python3.11/site-packages/pydantic/fields.py:1062: PydanticDeprecatedSince20: `min_items` is deprecated and will be removed, use `min_length` instead. Deprecated in Pydantic V2.0 to be removed in V3.0. See Pydantic V2 Migration Guide at https://errors.pydantic.dev/2.11/migration/
    warn('`min_items` is deprecated and will be removed, use `min_length` instead', DeprecationWarning)

tests/plugins/full_plugins_test.py::test_plugins_loaded
  /code/plugins/mobile/__init__.py:56: DeprecationWarning: 
          on_event is deprecated, use lifespan event handlers instead.
  
          Read more about it in the
          [FastAPI docs for Lifespan Events](https://fastapi.tiangolo.com/advanced/events/).
          
    @app.on_event("startup")

tests/plugins/full_plugins_test.py::test_plugins_loaded
  /code/plugins/mobile/__init__.py:60: DeprecationWarning: 
          on_event is deprecated, use lifespan event handlers instead.
  
          Read more about it in the
          [FastAPI docs for Lifespan Events](https://fastapi.tiangolo.com/advanced/events/).
          
    @app.on_event("shutdown")

tests/plugins/full_plugins_test.py::test_plugins_loaded
  /code/plugins/notifications/schemas.py:233: PydanticDeprecatedSince20: Pydantic V1 style `@validator` validators are deprecated. You should migrate to Pydantic V2 style `@field_validator` validators, see the migration guide for more details. Deprecated in Pydantic V2.0 to be removed in V3.0. See Pydantic V2 Migration Guide at https://errors.pydantic.dev/2.11/migration/
    @validator('quiet_hours_start', 'quiet_hours_end')

tests/plugins/full_plugins_test.py::test_plugins_loaded
  /code/plugins/pricing/__init__.py:42: DeprecationWarning: 
          on_event is deprecated, use lifespan event handlers instead.
  
          Read more about it in the
          [FastAPI docs for Lifespan Events](https://fastapi.tiangolo.com/advanced/events/).
          
    @app.on_event("startup")

tests/plugins/full_plugins_test.py::test_plugins_loaded
  /code/plugins/pricing/__init__.py:46: DeprecationWarning: 
          on_event is deprecated, use lifespan event handlers instead.
  
          Read more about it in the
          [FastAPI docs for Lifespan Events](https://fastapi.tiangolo.com/advanced/events/).
          
    @app.on_event("shutdown")

tests/plugins/full_plugins_test.py::test_plugins_loaded
  /code/plugins/reports/__init__.py:38: DeprecationWarning: 
          on_event is deprecated, use lifespan event handlers instead.
  
          Read more about it in the
          [FastAPI docs for Lifespan Events](https://fastapi.tiangolo.com/advanced/events/).
          
    @app.on_event("startup")

tests/plugins/full_plugins_test.py::test_plugins_loaded
  /code/plugins/reports/__init__.py:42: DeprecationWarning: 
          on_event is deprecated, use lifespan event handlers instead.
  
          Read more about it in the
          [FastAPI docs for Lifespan Events](https://fastapi.tiangolo.com/advanced/events/).
          
    @app.on_event("shutdown")

tests/plugins/full_plugins_test.py::test_plugins_loaded
  /code/plugins/subscriptions/__init__.py:34: DeprecationWarning: 
          on_event is deprecated, use lifespan event handlers instead.
  
          Read more about it in the
          [FastAPI docs for Lifespan Events](https://fastapi.tiangolo.com/advanced/events/).
          
    @app.on_event("startup")

tests/plugins/full_plugins_test.py::test_plugins_loaded
  /code/plugins/subscriptions/__init__.py:38: DeprecationWarning: 
          on_event is deprecated, use lifespan event handlers instead.
  
          Read more about it in the
          [FastAPI docs for Lifespan Events](https://fastapi.tiangolo.com/advanced/events/).
          
    @app.on_event("shutdown")

tests/plugins/full_plugins_test.py::test_plugins_loaded
  /code/plugins/test_connections/__init__.py:29: DeprecationWarning: 
          on_event is deprecated, use lifespan event handlers instead.
  
          Read more about it in the
          [FastAPI docs for Lifespan Events](https://fastapi.tiangolo.com/advanced/events/).
          
    @app.on_event("startup")

tests/plugins/full_plugins_test.py::test_plugins_loaded
  /code/plugins/test_connections/__init__.py:33: DeprecationWarning: 
          on_event is deprecated, use lifespan event handlers instead.
  
          Read more about it in the
          [FastAPI docs for Lifespan Events](https://fastapi.tiangolo.com/advanced/events/).
          
    @app.on_event("shutdown")

tests/plugins/full_plugins_test.py::test_plugins_loaded
  /code/plugins/seller/routes.py:87: DeprecationWarning: `regex` has been deprecated, please use `pattern` instead
    sort_dir: str = Query("asc", regex="^(asc|desc)$", description="Sort direction"),

tests/plugins/full_plugins_test.py::test_plugins_loaded
  /code/plugins/seller/__init__.py:35: DeprecationWarning: 
          on_event is deprecated, use lifespan event handlers instead.
  
          Read more about it in the
          [FastAPI docs for Lifespan Events](https://fastapi.tiangolo.com/advanced/events/).
          
    @app.on_event("startup")

tests/plugins/full_plugins_test.py::test_plugins_loaded
  /code/plugins/seller/__init__.py:39: DeprecationWarning: 
          on_event is deprecated, use lifespan event handlers instead.
  
          Read more about it in the
          [FastAPI docs for Lifespan Events](https://fastapi.tiangolo.com/advanced/events/).
          
    @app.on_event("shutdown")

tests/plugins/full_plugins_test.py::test_plugins_loaded
  /code/plugins/analytics/__init__.py:49: DeprecationWarning: 
          on_event is deprecated, use lifespan event handlers instead.
  
          Read more about it in the
          [FastAPI docs for Lifespan Events](https://fastapi.tiangolo.com/advanced/events/).
          
    @app.on_event("startup")

tests/plugins/full_plugins_test.py::test_plugins_loaded
  /code/plugins/analytics/__init__.py:53: DeprecationWarning: 
          on_event is deprecated, use lifespan event handlers instead.
  
          Read more about it in the
          [FastAPI docs for Lifespan Events](https://fastapi.tiangolo.com/advanced/events/).
          
    @app.on_event("shutdown")

tests/plugins/full_plugins_test.py::test_plugins_loaded
  /code/plugins/payments/__init__.py:38: DeprecationWarning: 
          on_event is deprecated, use lifespan event handlers instead.
  
          Read more about it in the
          [FastAPI docs for Lifespan Events](https://fastapi.tiangolo.com/advanced/events/).
          
    @app.on_event("startup")

tests/plugins/full_plugins_test.py::test_plugins_loaded
  /code/plugins/payments/__init__.py:42: DeprecationWarning: 
          on_event is deprecated, use lifespan event handlers instead.
  
          Read more about it in the
          [FastAPI docs for Lifespan Events](https://fastapi.tiangolo.com/advanced/events/).
          
    @app.on_event("shutdown")

tests/plugins/full_plugins_test.py::test_plugins_loaded
  /code/plugins/auth/__init__.py:44: DeprecationWarning: 
          on_event is deprecated, use lifespan event handlers instead.
  
          Read more about it in the
          [FastAPI docs for Lifespan Events](https://fastapi.tiangolo.com/advanced/events/).
          
    @app.on_event("startup")

tests/plugins/full_plugins_test.py::test_plugins_loaded
  /code/plugins/auth/__init__.py:48: DeprecationWarning: 
          on_event is deprecated, use lifespan event handlers instead.
  
          Read more about it in the
          [FastAPI docs for Lifespan Events](https://fastapi.tiangolo.com/advanced/events/).
          
    @app.on_event("shutdown")

tests/plugins/full_plugins_test.py::test_plugins_loaded
  /code/plugins/user/__init__.py:36: DeprecationWarning: 
          on_event is deprecated, use lifespan event handlers instead.
  
          Read more about it in the
          [FastAPI docs for Lifespan Events](https://fastapi.tiangolo.com/advanced/events/).
          
    @app.on_event("startup")

tests/plugins/full_plugins_test.py::test_plugins_loaded
  /code/plugins/user/__init__.py:40: DeprecationWarning: 
          on_event is deprecated, use lifespan event handlers instead.
  
          Read more about it in the
          [FastAPI docs for Lifespan Events](https://fastapi.tiangolo.com/advanced/events/).
          
    @app.on_event("shutdown")

tests/plugins/full_plugins_test.py::test_plugins_loaded
  /code/plugins/orders/__init__.py:36: DeprecationWarning: 
          on_event is deprecated, use lifespan event handlers instead.
  
          Read more about it in the
          [FastAPI docs for Lifespan Events](https://fastapi.tiangolo.com/advanced/events/).
          
    @app.on_event("startup")

tests/plugins/full_plugins_test.py::test_plugins_loaded
  /code/plugins/orders/__init__.py:40: DeprecationWarning: 
          on_event is deprecated, use lifespan event handlers instead.
  
          Read more about it in the
          [FastAPI docs for Lifespan Events](https://fastapi.tiangolo.com/advanced/events/).
          
    @app.on_event("shutdown")

tests/plugins/full_plugins_test.py::test_plugins_loaded
  /code/plugins/products/routes.py:30: DeprecationWarning: `regex` has been deprecated, please use `pattern` instead
    sort_dir: str = Query("asc", regex="^(asc|desc)$", description="Sort direction"),

tests/plugins/full_plugins_test.py::test_plugins_loaded
  /code/plugins/products/routes.py:166: DeprecationWarning: `regex` has been deprecated, please use `pattern` instead
    sort_dir: str = Query("asc", regex="^(asc|desc)$", description="Sort direction"),

tests/plugins/full_plugins_test.py::test_plugins_loaded
  /code/plugins/products/__init__.py:28: DeprecationWarning: 
          on_event is deprecated, use lifespan event handlers instead.
  
          Read more about it in the
          [FastAPI docs for Lifespan Events](https://fastapi.tiangolo.com/advanced/events/).
          
    @app.on_event("startup")

tests/plugins/full_plugins_test.py::test_plugins_loaded
  /code/plugins/products/__init__.py:32: DeprecationWarning: 
          on_event is deprecated, use lifespan event handlers instead.
  
          Read more about it in the
          [FastAPI docs for Lifespan Events](https://fastapi.tiangolo.com/advanced/events/).
          
    @app.on_event("shutdown")

tests/plugins/full_plugins_test.py::test_plugins_loaded
  /code/plugins/buyer/routes.py:85: DeprecationWarning: `regex` has been deprecated, please use `pattern` instead
    sort_dir: str = Query("asc", regex="^(asc|desc)$"),

tests/plugins/full_plugins_test.py::test_plugins_loaded
  /code/plugins/buyer/__init__.py:40: DeprecationWarning: 
          on_event is deprecated, use lifespan event handlers instead.
  
          Read more about it in the
          [FastAPI docs for Lifespan Events](https://fastapi.tiangolo.com/advanced/events/).
          
    @app.on_event("startup")

tests/plugins/full_plugins_test.py::test_plugins_loaded
  /code/plugins/buyer/__init__.py:44: DeprecationWarning: 
          on_event is deprecated, use lifespan event handlers instead.
  
          Read more about it in the
          [FastAPI docs for Lifespan Events](https://fastapi.tiangolo.com/advanced/events/).
          
    @app.on_event("shutdown")

-- Docs: https://docs.pytest.org/en/stable/how-to/capture-warnings.html
=========================== short test summary info ============================
FAILED tests/plugins/full_plugins_test.py::test_plugin_init_db - Failed: Plug...
================== 1 failed, 3 passed, 153 warnings in 9.88s ===================
